[2021-02-23 20:30:16] /usr/sbin/apache2 [ERR :62163:EX.pm:66:] Exception: OpenSRF::EX::Session 2021-02-23T20:30:16 OpenSRF::Utils::Logger /usr/local/share/perl/5.26.1/OpenSRF/Utils/Logger.pm:243 Session Error: router@private.test-brick01-head.test.gapines.org/opensrf.settings IS NOT CONNECTED TO THE NETWORK!!!

[2021-02-23 20:30:16] /usr/sbin/apache2 [ERR :62164:EX.pm:66:] Exception: OpenSRF::EX::Session 2021-02-23T20:30:16 OpenSRF::Utils::Logger /usr/local/share/perl/5.26.1/OpenSRF/Utils/Logger.pm:243 Session Error: router@private.test-brick01-head.test.gapines.org/opensrf.settings IS NOT CONNECTED TO THE NETWORK!!!

[2021-02-23 20:30:16] /usr/sbin/apache2 [ERR :62162:EX.pm:66:] Exception: OpenSRF::EX::Session 2021-02-23T20:30:16 OpenSRF::Utils::Logger /usr/local/share/perl/5.26.1/OpenSRF/Utils/Logger.pm:243 Session Error: router@private.test-brick01-head.test.gapines.org/opensrf.settings IS NOT CONNECTED TO THE NETWORK!!!

[2021-02-23 20:30:16] /usr/sbin/apache2 [ERR :62159:EX.pm:66:] Exception: OpenSRF::EX::Session 2021-02-23T20:30:16 OpenSRF::Utils::Logger /usr/local/share/perl/5.26.1/OpenSRF/Utils/Logger.pm:243 Session Error: router@private.test-brick01-head.test.gapines.org/opensrf.settings IS NOT CONNECTED TO THE NETWORK!!!

[2021-02-23 20:30:16] /usr/sbin/apache2 [ERR :62161:EX.pm:66:] Exception: OpenSRF::EX::Session 2021-02-23T20:30:16 OpenSRF::Utils::Logger /usr/local/share/perl/5.26.1/OpenSRF/Utils/Logger.pm:243 Session Error: router@private.test-brick01-head.test.gapines.org/opensrf.settings IS NOT CONNECTED TO THE NETWORK!!!

[2021-02-23 20:30:16] /usr/sbin/apache2 [ERR :62163:EX.pm:66:] Exception: OpenSRF::EX::Session 2021-02-23T20:30:16 OpenSRF::Utils::Logger /usr/local/share/perl/5.26.1/OpenSRF/Utils/Logger.pm:243 Session Error: router@private.test-brick01-head.test.gapines.org/opensrf.settings IS NOT CONNECTED TO THE NETWORK!!!

[2021-02-23 20:30:16] /usr/sbin/apache2 [ERR :62159:EX.pm:66:] Exception: OpenSRF::EX::Session 2021-02-23T20:30:16 OpenSRF::Utils::Logger /usr/local/share/perl/5.26.1/OpenSRF/Utils/Logger.pm:243 Session Error: router@private.test-brick01-head.test.gapines.org/opensrf.settings IS NOT CONNECTED TO THE NETWORK!!!

[2021-02-23 20:30:16] /usr/sbin/apache2 [ERR :62163:EX.pm:66:] Exception: OpenSRF::EX::Session 2021-02-23T20:30:16 OpenSRF::Utils::Logger /usr/local/share/perl/5.26.1/OpenSRF/Utils/Logger.pm:243 Session Error: router@private.test-brick01-head.test.gapines.org/opensrf.settings IS NOT CONNECTED TO THE NETWORK!!!

[2021-02-23 20:30:16] /usr/sbin/apache2 [ERR :62159:EX.pm:66:] Exception: OpenSRF::EX::Session 2021-02-23T20:30:16 OpenSRF::Utils::Logger /usr/local/share/perl/5.26.1/OpenSRF/Utils/Logger.pm:243 Session Error: router@private.test-brick01-head.test.gapines.org/opensrf.settings IS NOT CONNECTED TO THE NETWORK!!!

[2021-02-23 20:30:16] /usr/sbin/apache2 [ERR :62164:EX.pm:66:] Exception: OpenSRF::EX::Session 2021-02-23T20:30:16 OpenSRF::Utils::Logger /usr/local/share/perl/5.26.1/OpenSRF/Utils/Logger.pm:243 Session Error: router@private.test-brick01-head.test.gapines.org/opensrf.settings IS NOT CONNECTED TO THE NETWORK!!!

[2021-02-23 20:30:16] /usr/sbin/apache2 [ERR :62164:EX.pm:66:] Exception: OpenSRF::EX::Session 2021-02-23T20:30:16 OpenSRF::Utils::Logger /usr/local/share/perl/5.26.1/OpenSRF/Utils/Logger.pm:243 Session Error: router@private.test-brick01-head.test.gapines.org/opensrf.settings IS NOT CONNECTED TO THE NETWORK!!!

[2021-02-23 20:30:16] /usr/sbin/apache2 [ERR :62161:EX.pm:66:] Exception: OpenSRF::EX::Session 2021-02-23T20:30:16 OpenSRF::Utils::Logger /usr/local/share/perl/5.26.1/OpenSRF/Utils/Logger.pm:243 Session Error: router@private.test-brick01-head.test.gapines.org/opensrf.settings IS NOT CONNECTED TO THE NETWORK!!!

[2021-02-23 20:30:16] /usr/sbin/apache2 [ERR :62161:EX.pm:66:] Exception: OpenSRF::EX::Session 2021-02-23T20:30:16 OpenSRF::Utils::Logger /usr/local/share/perl/5.26.1/OpenSRF/Utils/Logger.pm:243 Session Error: router@private.test-brick01-head.test.gapines.org/opensrf.settings IS NOT CONNECTED TO THE NETWORK!!!

[2021-02-23 20:30:16] /usr/sbin/apache2 [ERR :62164:EX.pm:66:] Exception: OpenSRF::EX::Session 2021-02-23T20:30:16 OpenSRF::Utils::Logger /usr/local/share/perl/5.26.1/OpenSRF/Utils/Logger.pm:243 Session Error: router@private.test-brick01-head.test.gapines.org/opensrf.settings IS NOT CONNECTED TO THE NETWORK!!!

[2021-02-23 20:30:16] /usr/sbin/apache2 [ERR :62163:EX.pm:66:] Exception: OpenSRF::EX::Session 2021-02-23T20:30:16 OpenSRF::Utils::Logger /usr/local/share/perl/5.26.1/OpenSRF/Utils/Logger.pm:243 Session Error: router@private.test-brick01-head.test.gapines.org/opensrf.settings IS NOT CONNECTED TO THE NETWORK!!!

[2021-02-23 20:30:16] /usr/sbin/apache2 [ERR :62162:EX.pm:66:] Exception: OpenSRF::EX::Session 2021-02-23T20:30:16 OpenSRF::Utils::Logger /usr/local/share/perl/5.26.1/OpenSRF/Utils/Logger.pm:243 Session Error: router@private.test-brick01-head.test.gapines.org/opensrf.settings IS NOT CONNECTED TO THE NETWORK!!!

[2021-02-23 20:30:16] /usr/sbin/apache2 [ERR :62162:EX.pm:66:] Exception: OpenSRF::EX::Session 2021-02-23T20:30:16 OpenSRF::Utils::Logger /usr/local/share/perl/5.26.1/OpenSRF/Utils/Logger.pm:243 Session Error: router@private.test-brick01-head.test.gapines.org/opensrf.settings IS NOT CONNECTED TO THE NETWORK!!!

[2021-02-23 20:30:16] /usr/sbin/apache2 [ERR :62159:EX.pm:66:] Exception: OpenSRF::EX::Session 2021-02-23T20:30:16 OpenSRF::Utils::Logger /usr/local/share/perl/5.26.1/OpenSRF/Utils/Logger.pm:243 Session Error: router@private.test-brick01-head.test.gapines.org/opensrf.settings IS NOT CONNECTED TO THE NETWORK!!!

[2021-02-23 20:30:16] /usr/sbin/apache2 [ERR :62161:EX.pm:66:] Exception: OpenSRF::EX::Session 2021-02-23T20:30:16 OpenSRF::Utils::Logger /usr/local/share/perl/5.26.1/OpenSRF/Utils/Logger.pm:243 Session Error: router@private.test-brick01-head.test.gapines.org/opensrf.settings IS NOT CONNECTED TO THE NETWORK!!!

[2021-02-23 20:30:16] /usr/sbin/apache2 [ERR :62164:EX.pm:66:] Exception: OpenSRF::EX::Session 2021-02-23T20:30:16 OpenSRF::Utils::Logger /usr/local/share/perl/5.26.1/OpenSRF/Utils/Logger.pm:243 Session Error: router@private.test-brick01-head.test.gapines.org/opensrf.settings IS NOT CONNECTED TO THE NETWORK!!!

[2021-02-23 20:30:16] /usr/sbin/apache2 [ERR :62164:EX.pm:66:] Exception: OpenSRF::EX::Session 2021-02-23T20:30:16 OpenSRF::Utils::Logger /usr/local/share/perl/5.26.1/OpenSRF/Utils/Logger.pm:243 Session Error: router@private.test-brick01-head.test.gapines.org/opensrf.settings IS NOT CONNECTED TO THE NETWORK!!!

[2021-02-23 20:30:16] /usr/sbin/apache2 [ERR :62163:EX.pm:66:] Exception: OpenSRF::EX::Session 2021-02-23T20:30:16 OpenSRF::Utils::Logger /usr/local/share/perl/5.26.1/OpenSRF/Utils/Logger.pm:243 Session Error: router@private.test-brick01-head.test.gapines.org/opensrf.settings IS NOT CONNECTED TO THE NETWORK!!!

[2021-02-23 20:30:16] /usr/sbin/apache2 [ERR :62163:EX.pm:66:] Exception: OpenSRF::EX::Session 2021-02-23T20:30:16 OpenSRF::Utils::Logger /usr/local/share/perl/5.26.1/OpenSRF/Utils/Logger.pm:243 Session Error: router@private.test-brick01-head.test.gapines.org/opensrf.settings IS NOT CONNECTED TO THE NETWORK!!!

[2021-02-23 20:30:16] /usr/sbin/apache2 [ERR :62162:EX.pm:66:] Exception: OpenSRF::EX::Session 2021-02-23T20:30:16 OpenSRF::Utils::Logger /usr/local/share/perl/5.26.1/OpenSRF/Utils/Logger.pm:243 Session Error: router@private.test-brick01-head.test.gapines.org/opensrf.settings IS NOT CONNECTED TO THE NETWORK!!!

[2021-02-23 20:30:16] /usr/sbin/apache2 [ERR :62161:EX.pm:66:] Exception: OpenSRF::EX::Session 2021-02-23T20:30:16 OpenSRF::Utils::Logger /usr/local/share/perl/5.26.1/OpenSRF/Utils/Logger.pm:243 Session Error: router@private.test-brick01-head.test.gapines.org/opensrf.settings IS NOT CONNECTED TO THE NETWORK!!!

[2021-02-23 20:30:16] /usr/sbin/apache2 [ERR :62161:EX.pm:66:] Exception: OpenSRF::EX::Session 2021-02-23T20:30:16 OpenSRF::Utils::Logger /usr/local/share/perl/5.26.1/OpenSRF/Utils/Logger.pm:243 Session Error: router@private.test-brick01-head.test.gapines.org/opensrf.settings IS NOT CONNECTED TO THE NETWORK!!!

[2021-02-23 20:30:16] /usr/sbin/apache2 [ERR :62159:EX.pm:66:] Exception: OpenSRF::EX::Session 2021-02-23T20:30:16 OpenSRF::Utils::Logger /usr/local/share/perl/5.26.1/OpenSRF/Utils/Logger.pm:243 Session Error: router@private.test-brick01-head.test.gapines.org/opensrf.settings IS NOT CONNECTED TO THE NETWORK!!!

[2021-02-23 20:30:16] /usr/sbin/apache2 [ERR :62164:EX.pm:66:] Exception: OpenSRF::EX::Session 2021-02-23T20:30:16 OpenSRF::Utils::Logger /usr/local/share/perl/5.26.1/OpenSRF/Utils/Logger.pm:243 Session Error: router@private.test-brick01-head.test.gapines.org/opensrf.settings IS NOT CONNECTED TO THE NETWORK!!!

[2021-02-23 20:30:16] /usr/sbin/apache2 [ERR :62159:EX.pm:66:] Exception: OpenSRF::EX::Session 2021-02-23T20:30:16 OpenSRF::Utils::Logger /usr/local/share/perl/5.26.1/OpenSRF/Utils/Logger.pm:243 Session Error: router@private.test-brick01-head.test.gapines.org/opensrf.settings IS NOT CONNECTED TO THE NETWORK!!!

[2021-02-23 20:30:16] /usr/sbin/apache2 [ERR :62162:EX.pm:66:] Exception: OpenSRF::EX::Session 2021-02-23T20:30:16 OpenSRF::Utils::Logger /usr/local/share/perl/5.26.1/OpenSRF/Utils/Logger.pm:243 Session Error: router@private.test-brick01-head.test.gapines.org/opensrf.settings IS NOT CONNECTED TO THE NETWORK!!!

[2021-02-23 20:30:16] /usr/sbin/apache2 [ERR :62163:EX.pm:66:] Exception: OpenSRF::EX::Session 2021-02-23T20:30:16 OpenSRF::Utils::Logger /usr/local/share/perl/5.26.1/OpenSRF/Utils/Logger.pm:243 Session Error: router@private.test-brick01-head.test.gapines.org/opensrf.settings IS NOT CONNECTED TO THE NETWORK!!!

[2021-02-23 20:30:16] /usr/sbin/apache2 [ERR :62162:EX.pm:66:] Exception: OpenSRF::EX::Session 2021-02-23T20:30:16 OpenSRF::Utils::Logger /usr/local/share/perl/5.26.1/OpenSRF/Utils/Logger.pm:243 Session Error: router@private.test-brick01-head.test.gapines.org/opensrf.settings IS NOT CONNECTED TO THE NETWORK!!!

[2021-02-23 20:30:16] /usr/sbin/apache2 [ERR :62161:EX.pm:66:] Exception: OpenSRF::EX::Session 2021-02-23T20:30:16 OpenSRF::Utils::Logger /usr/local/share/perl/5.26.1/OpenSRF/Utils/Logger.pm:243 Session Error: router@private.test-brick01-head.test.gapines.org/opensrf.settings IS NOT CONNECTED TO THE NETWORK!!!

[2021-02-23 20:30:16] /usr/sbin/apache2 [ERR :62164:EX.pm:66:] Exception: OpenSRF::EX::Session 2021-02-23T20:30:16 OpenSRF::Utils::Logger /usr/local/share/perl/5.26.1/OpenSRF/Utils/Logger.pm:243 Session Error: router@private.test-brick01-head.test.gapines.org/opensrf.settings IS NOT CONNECTED TO THE NETWORK!!!

[2021-02-23 20:30:16] /usr/sbin/apache2 [ERR :62164:EX.pm:66:] Exception: OpenSRF::EX::Session 2021-02-23T20:30:16 OpenSRF::Utils::Logger /usr/local/share/perl/5.26.1/OpenSRF/Utils/Logger.pm:243 Session Error: router@private.test-brick01-head.test.gapines.org/opensrf.settings IS NOT CONNECTED TO THE NETWORK!!!

[2021-02-23 20:30:16] /usr/sbin/apache2 [ERR :62159:EX.pm:66:] Exception: OpenSRF::EX::Session 2021-02-23T20:30:16 OpenSRF::Utils::Logger /usr/local/share/perl/5.26.1/OpenSRF/Utils/Logger.pm:243 Session Error: router@private.test-brick01-head.test.gapines.org/opensrf.settings IS NOT CONNECTED TO THE NETWORK!!!

[2021-02-23 20:30:16] /usr/sbin/apache2 [ERR :62163:EX.pm:66:] Exception: OpenSRF::EX::Session 2021-02-23T20:30:16 OpenSRF::Utils::Logger /usr/local/share/perl/5.26.1/OpenSRF/Utils/Logger.pm:243 Session Error: router@private.test-brick01-head.test.gapines.org/opensrf.settings IS NOT CONNECTED TO THE NETWORK!!!

[2021-02-23 20:30:16] /usr/sbin/apache2 [ERR :62162:EX.pm:66:] Exception: OpenSRF::EX::Session 2021-02-23T20:30:16 OpenSRF::Utils::Logger /usr/local/share/perl/5.26.1/OpenSRF/Utils/Logger.pm:243 Session Error: router@private.test-brick01-head.test.gapines.org/opensrf.settings IS NOT CONNECTED TO THE NETWORK!!!

[2021-02-23 20:30:16] /usr/sbin/apache2 [ERR :62163:EX.pm:66:] Exception: OpenSRF::EX::Session 2021-02-23T20:30:16 OpenSRF::Utils::Logger /usr/local/share/perl/5.26.1/OpenSRF/Utils/Logger.pm:243 Session Error: router@private.test-brick01-head.test.gapines.org/opensrf.settings IS NOT CONNECTED TO THE NETWORK!!!

[2021-02-23 20:30:16] /usr/sbin/apache2 [ERR :62161:EX.pm:66:] Exception: OpenSRF::EX::Session 2021-02-23T20:30:16 OpenSRF::Utils::Logger /usr/local/share/perl/5.26.1/OpenSRF/Utils/Logger.pm:243 Session Error: router@private.test-brick01-head.test.gapines.org/opensrf.settings IS NOT CONNECTED TO THE NETWORK!!!

[2021-02-23 20:30:16] /usr/sbin/apache2 [ERR :62161:EX.pm:66:] Exception: OpenSRF::EX::Session 2021-02-23T20:30:16 OpenSRF::Utils::Logger /usr/local/share/perl/5.26.1/OpenSRF/Utils/Logger.pm:243 Session Error: router@private.test-brick01-head.test.gapines.org/opensrf.settings IS NOT CONNECTED TO THE NETWORK!!!

[2021-02-23 20:30:16] /usr/sbin/apache2 [ERR :62159:EX.pm:66:] Exception: OpenSRF::EX::Session 2021-02-23T20:30:16 OpenSRF::Utils::Logger /usr/local/share/perl/5.26.1/OpenSRF/Utils/Logger.pm:243 Session Error: router@private.test-brick01-head.test.gapines.org/opensrf.settings IS NOT CONNECTED TO THE NETWORK!!!

[2021-02-23 20:30:16] /usr/sbin/apache2 [ERR :62159:EX.pm:66:] Exception: OpenSRF::EX::Session 2021-02-23T20:30:16 OpenSRF::Utils::Logger /usr/local/share/perl/5.26.1/OpenSRF/Utils/Logger.pm:243 Session Error: router@private.test-brick01-head.test.gapines.org/opensrf.settings IS NOT CONNECTED TO THE NETWORK!!!

[2021-02-23 20:30:16] /usr/sbin/apache2 [ERR :62162:EX.pm:66:] Exception: OpenSRF::EX::Session 2021-02-23T20:30:16 OpenSRF::Utils::Logger /usr/local/share/perl/5.26.1/OpenSRF/Utils/Logger.pm:243 Session Error: router@private.test-brick01-head.test.gapines.org/opensrf.settings IS NOT CONNECTED TO THE NETWORK!!!

[2021-02-23 20:30:16] /usr/sbin/apache2 [ERR :62163:EX.pm:66:] Exception: OpenSRF::EX::Session 2021-02-23T20:30:16 OpenSRF::Utils::Logger /usr/local/share/perl/5.26.1/OpenSRF/Utils/Logger.pm:243 Session Error: router@private.test-brick01-head.test.gapines.org/opensrf.settings IS NOT CONNECTED TO THE NETWORK!!!

[2021-02-23 20:30:16] /usr/sbin/apache2 [ERR :62162:EX.pm:66:] Exception: OpenSRF::EX::Session 2021-02-23T20:30:16 OpenSRF::Utils::Logger /usr/local/share/perl/5.26.1/OpenSRF/Utils/Logger.pm:243 Session Error: router@private.test-brick01-head.test.gapines.org/opensrf.settings IS NOT CONNECTED TO THE NETWORK!!!

[2021-02-23 20:30:16] /usr/sbin/apache2 [ERR :62161:EX.pm:66:] Exception: OpenSRF::EX::Session 2021-02-23T20:30:16 OpenSRF::Utils::Logger /usr/local/share/perl/5.26.1/OpenSRF/Utils/Logger.pm:243 Session Error: router@private.test-brick01-head.test.gapines.org/opensrf.settings IS NOT CONNECTED TO THE NETWORK!!!

[2021-02-23 20:30:16] /usr/sbin/apache2 [ERR :62159:EX.pm:66:] Exception: OpenSRF::EX::Session 2021-02-23T20:30:16 OpenSRF::Utils::Logger /usr/local/share/perl/5.26.1/OpenSRF/Utils/Logger.pm:243 Session Error: router@private.test-brick01-head.test.gapines.org/opensrf.settings IS NOT CONNECTED TO THE NETWORK!!!

[2021-02-23 20:30:16] /usr/sbin/apache2 [ERR :62164:EX.pm:66:] Exception: OpenSRF::EX::Session 2021-02-23T20:30:16 OpenSRF::Utils::Logger /usr/local/share/perl/5.26.1/OpenSRF/Utils/Logger.pm:243 Session Error: router@private.test-brick01-head.test.gapines.org/opensrf.settings IS NOT CONNECTED TO THE NETWORK!!!

[2021-02-23 20:30:16] /usr/sbin/apache2 [ERR :62164:EX.pm:66:] Exception: OpenSRF::EX::Session 2021-02-23T20:30:16 OpenSRF::Utils::Logger /usr/local/share/perl/5.26.1/OpenSRF/Utils/Logger.pm:243 Session Error: router@private.test-brick01-head.test.gapines.org/opensrf.settings IS NOT CONNECTED TO THE NETWORK!!!

[2021-02-23 20:30:16] /usr/sbin/apache2 [ERR :62164:EX.pm:66:] Exception: OpenSRF::EX::Session 2021-02-23T20:30:16 OpenSRF::Utils::Logger /usr/local/share/perl/5.26.1/OpenSRF/Utils/Logger.pm:243 Session Error: router@private.test-brick01-head.test.gapines.org/opensrf.settings IS NOT CONNECTED TO THE NETWORK!!!

[2021-02-23 20:30:16] /usr/sbin/apache2 [ERR :62162:EX.pm:66:] Exception: OpenSRF::EX::Session 2021-02-23T20:30:16 OpenSRF::Utils::Logger /usr/local/share/perl/5.26.1/OpenSRF/Utils/Logger.pm:243 Session Error: router@private.test-brick01-head.test.gapines.org/opensrf.settings IS NOT CONNECTED TO THE NETWORK!!!

[2021-02-23 20:30:16] /usr/sbin/apache2 [ERR :62163:EX.pm:66:] Exception: OpenSRF::EX::Session 2021-02-23T20:30:16 OpenSRF::Utils::Logger /usr/local/share/perl/5.26.1/OpenSRF/Utils/Logger.pm:243 Session Error: router@private.test-brick01-head.test.gapines.org/opensrf.settings IS NOT CONNECTED TO THE NETWORK!!!

[2021-02-23 20:30:16] /usr/sbin/apache2 [ERR :62163:EX.pm:66:] Exception: OpenSRF::EX::Session 2021-02-23T20:30:16 OpenSRF::Utils::Logger /usr/local/share/perl/5.26.1/OpenSRF/Utils/Logger.pm:243 Session Error: router@private.test-brick01-head.test.gapines.org/opensrf.settings IS NOT CONNECTED TO THE NETWORK!!!

[2021-02-23 20:30:16] /usr/sbin/apache2 [ERR :62161:EX.pm:66:] Exception: OpenSRF::EX::Session 2021-02-23T20:30:16 OpenSRF::Utils::Logger /usr/local/share/perl/5.26.1/OpenSRF/Utils/Logger.pm:243 Session Error: router@private.test-brick01-head.test.gapines.org/opensrf.settings IS NOT CONNECTED TO THE NETWORK!!!

[2021-02-23 20:30:16] /usr/sbin/apache2 [ERR :62161:EX.pm:66:] Exception: OpenSRF::EX::Session 2021-02-23T20:30:16 OpenSRF::Utils::Logger /usr/local/share/perl/5.26.1/OpenSRF/Utils/Logger.pm:243 Session Error: router@private.test-brick01-head.test.gapines.org/opensrf.settings IS NOT CONNECTED TO THE NETWORK!!!

[2021-02-23 20:30:16] /usr/sbin/apache2 [ERR :62159:EX.pm:66:] Exception: OpenSRF::EX::Session 2021-02-23T20:30:16 OpenSRF::Utils::Logger /usr/local/share/perl/5.26.1/OpenSRF/Utils/Logger.pm:243 Session Error: router@private.test-brick01-head.test.gapines.org/opensrf.settings IS NOT CONNECTED TO THE NETWORK!!!

[2021-02-23 20:30:16] /usr/sbin/apache2 [ERR :62159:EX.pm:66:] Exception: OpenSRF::EX::Session 2021-02-23T20:30:16 OpenSRF::Utils::Logger /usr/local/share/perl/5.26.1/OpenSRF/Utils/Logger.pm:243 Session Error: router@private.test-brick01-head.test.gapines.org/opensrf.settings IS NOT CONNECTED TO THE NETWORK!!!

[2021-02-23 20:30:16] /usr/sbin/apache2 [ERR :62162:EX.pm:66:] Exception: OpenSRF::EX::Session 2021-02-23T20:30:16 OpenSRF::Utils::Logger /usr/local/share/perl/5.26.1/OpenSRF/Utils/Logger.pm:243 Session Error: router@private.test-brick01-head.test.gapines.org/opensrf.settings IS NOT CONNECTED TO THE NETWORK!!!

[2021-02-23 20:30:16] /usr/sbin/apache2 [ERR :62162:EX.pm:66:] Exception: OpenSRF::EX::Session 2021-02-23T20:30:16 OpenSRF::Utils::Logger /usr/local/share/perl/5.26.1/OpenSRF/Utils/Logger.pm:243 Session Error: router@private.test-brick01-head.test.gapines.org/opensrf.settings IS NOT CONNECTED TO THE NETWORK!!!

[2021-02-23 20:30:16] /usr/sbin/apache2 [ERR :62163:EX.pm:66:] Exception: OpenSRF::EX::Session 2021-02-23T20:30:16 OpenSRF::Utils::Logger /usr/local/share/perl/5.26.1/OpenSRF/Utils/Logger.pm:243 Session Error: router@private.test-brick01-head.test.gapines.org/opensrf.settings IS NOT CONNECTED TO THE NETWORK!!!

[2021-02-23 20:30:16] /usr/sbin/apache2 [ERR :62164:EX.pm:66:] Exception: OpenSRF::EX::Session 2021-02-23T20:30:16 OpenSRF::Utils::Logger /usr/local/share/perl/5.26.1/OpenSRF/Utils/Logger.pm:243 Session Error: router@private.test-brick01-head.test.gapines.org/opensrf.settings IS NOT CONNECTED TO THE NETWORK!!!

[2021-02-23 20:30:16] /usr/sbin/apache2 [ERR :62161:EX.pm:66:] Exception: OpenSRF::EX::Session 2021-02-23T20:30:16 OpenSRF::Utils::Logger /usr/local/share/perl/5.26.1/OpenSRF/Utils/Logger.pm:243 Session Error: router@private.test-brick01-head.test.gapines.org/opensrf.settings IS NOT CONNECTED TO THE NETWORK!!!

[2021-02-23 20:30:16] /usr/sbin/apache2 [ERR :62163:EX.pm:66:] Exception: OpenSRF::EX::Session 2021-02-23T20:30:16 OpenSRF::Utils::Logger /usr/local/share/perl/5.26.1/OpenSRF/Utils/Logger.pm:243 Session Error: router@private.test-brick01-head.test.gapines.org/opensrf.settings IS NOT CONNECTED TO THE NETWORK!!!

[2021-02-23 20:30:16] /usr/sbin/apache2 [ERR :62163:EX.pm:66:] Exception: OpenSRF::EX::Session 2021-02-23T20:30:16 OpenSRF::Utils::Logger /usr/local/share/perl/5.26.1/OpenSRF/Utils/Logger.pm:243 Session Error: router@private.test-brick01-head.test.gapines.org/opensrf.settings IS NOT CONNECTED TO THE NETWORK!!!

[2021-02-23 20:30:16] /usr/sbin/apache2 [ERR :62161:EX.pm:66:] Exception: OpenSRF::EX::Session 2021-02-23T20:30:16 OpenSRF::Utils::Logger /usr/local/share/perl/5.26.1/OpenSRF/Utils/Logger.pm:243 Session Error: router@private.test-brick01-head.test.gapines.org/opensrf.settings IS NOT CONNECTED TO THE NETWORK!!!

[2021-02-23 20:30:16] /usr/sbin/apache2 [ERR :62161:EX.pm:66:] Exception: OpenSRF::EX::Session 2021-02-23T20:30:16 OpenSRF::Utils::Logger /usr/local/share/perl/5.26.1/OpenSRF/Utils/Logger.pm:243 Session Error: router@private.test-brick01-head.test.gapines.org/opensrf.settings IS NOT CONNECTED TO THE NETWORK!!!

[2021-02-23 20:30:16] /usr/sbin/apache2 [ERR :62159:EX.pm:66:] Exception: OpenSRF::EX::Session 2021-02-23T20:30:16 OpenSRF::Utils::Logger /usr/local/share/perl/5.26.1/OpenSRF/Utils/Logger.pm:243 Session Error: router@private.test-brick01-head.test.gapines.org/opensrf.settings IS NOT CONNECTED TO THE NETWORK!!!

[2021-02-23 20:30:16] /usr/sbin/apache2 [ERR :62162:EX.pm:66:] Exception: OpenSRF::EX::Session 2021-02-23T20:30:16 OpenSRF::Utils::Logger /usr/local/share/perl/5.26.1/OpenSRF/Utils/Logger.pm:243 Session Error: router@private.test-brick01-head.test.gapines.org/opensrf.settings IS NOT CONNECTED TO THE NETWORK!!!

[2021-02-23 20:30:16] /usr/sbin/apache2 [ERR :62159:EX.pm:66:] Exception: OpenSRF::EX::Session 2021-02-23T20:30:16 OpenSRF::Utils::Logger /usr/local/share/perl/5.26.1/OpenSRF/Utils/Logger.pm:243 Session Error: router@private.test-brick01-head.test.gapines.org/opensrf.settings IS NOT CONNECTED TO THE NETWORK!!!

[2021-02-23 20:30:16] /usr/sbin/apache2 [ERR :62159:EX.pm:66:] Exception: OpenSRF::EX::Session 2021-02-23T20:30:16 OpenSRF::Utils::Logger /usr/local/share/perl/5.26.1/OpenSRF/Utils/Logger.pm:243 Session Error: router@private.test-brick01-head.test.gapines.org/opensrf.settings IS NOT CONNECTED TO THE NETWORK!!!

[2021-02-23 20:30:16] /usr/sbin/apache2 [ERR :62164:EX.pm:66:] Exception: OpenSRF::EX::Session 2021-02-23T20:30:16 OpenSRF::Utils::Logger /usr/local/share/perl/5.26.1/OpenSRF/Utils/Logger.pm:243 Session Error: router@private.test-brick01-head.test.gapines.org/opensrf.settings IS NOT CONNECTED TO THE NETWORK!!!

[2021-02-23 20:30:16] /usr/sbin/apache2 [ERR :62164:EX.pm:66:] Exception: OpenSRF::EX::Session 2021-02-23T20:30:16 OpenSRF::Utils::Logger /usr/local/share/perl/5.26.1/OpenSRF/Utils/Logger.pm:243 Session Error: router@private.test-brick01-head.test.gapines.org/opensrf.settings IS NOT CONNECTED TO THE NETWORK!!!

[2021-02-23 20:30:16] /usr/sbin/apache2 [ERR :62162:EX.pm:66:] Exception: OpenSRF::EX::Session 2021-02-23T20:30:16 OpenSRF::Utils::Logger /usr/local/share/perl/5.26.1/OpenSRF/Utils/Logger.pm:243 Session Error: router@private.test-brick01-head.test.gapines.org/opensrf.settings IS NOT CONNECTED TO THE NETWORK!!!

[2021-02-23 20:30:16] /usr/sbin/apache2 [ERR :62162:EX.pm:66:] Exception: OpenSRF::EX::Session 2021-02-23T20:30:16 OpenSRF::Utils::Logger /usr/local/share/perl/5.26.1/OpenSRF/Utils/Logger.pm:243 Session Error: router@private.test-brick01-head.test.gapines.org/opensrf.settings IS NOT CONNECTED TO THE NETWORK!!!

[2021-02-23 20:30:25] opensrf.settings [INFO:62213:Server.pm:622:] server: registering with router router@private.test-brick01-head.test.gapines.org/router
[2021-02-23 20:30:25] opensrf.validator [INFO:62234:Server.pm:622:] server: registering with router router@private.test-brick01-head.test.gapines.org/router
opensrf 2021-02-23 20:30:25 [INFO:62256:osrf_system.c:453:] Bootstrapping system with domain private.test-brick01-head.test.gapines.org, port 5222, and unixpath (none)
opensrf 2021-02-23 20:30:25 [INFO:62256:osrf_app_session.c:1177:] [opensrf.settings] sent 248 bytes of data to router@private.test-brick01-head.test.gapines.org/opensrf.settings
[2021-02-23 20:30:25] opensrf.settings [INFO:62225:Application.pm:159:] CALL: opensrf.settings opensrf.settings.host_config.get test-brick01-head.test.gapines.org
[2021-02-23 20:30:25] opensrf.slooooooow [INFO:62243:Server.pm:622:] server: registering with router router@private.test-brick01-head.test.gapines.org/router
[2021-02-23 20:30:25] opensrf.settings [INFO:62225:Transport.pm:163:] Message processing duration: 0.010
opensrf 2021-02-23 20:30:25 [INFO:62256:osrf_stack.c:163:] Message processing duration 0.000001
opensrf 2021-02-23 20:30:25 [INFO:62260:osrf_system.c:287:] Launching application opensrf.math with implementation libosrf_math.so
opensrf.math 2021-02-23 20:30:25 [INFO:62260:osrf_application.c:145:] Registering application opensrf.math with file libosrf_math.so
opensrf.math 2021-02-23 20:30:25 [INFO:62260:osrf_application.c:188:] Application opensrf.math registered successfully
opensrf.math 2021-02-23 20:30:25 [INFO:62260:osrf_application.c:216:] registering exit handler for opensrf.math
opensrf.math 2021-02-23 20:30:25 [INFO:62260:osrf_prefork.c:146:] Loading config in osrf_forker for app opensrf.math
opensrf.math 2021-02-23 20:30:25 [WARN:62260:osrf_prefork.c:175:] Max backlog queue size not defined, assuming 1000
opensrf.math 2021-02-23 20:30:25 [INFO:62260:osrf_system.c:453:] Bootstrapping system with domain private.test-brick01-head.test.gapines.org, port 5222, and unixpath (none)
opensrf.math 2021-02-23 20:30:25 [INFO:62260:osrf_prefork.c:552:] Prefork launching child with max_request=1000,min_children=5, max_children=15
opensrf.math 2021-02-23 20:30:25 [INFO:62262:osrf_system.c:103:] Adding cache server 127.0.0.1:11211
opensrf.math 2021-02-23 20:30:25 [INFO:62264:osrf_system.c:103:] Adding cache server 127.0.0.1:11211
opensrf.math 2021-02-23 20:30:25 [INFO:62262:osrf_system.c:453:] Bootstrapping system with domain private.test-brick01-head.test.gapines.org, port 5222, and unixpath (none)
opensrf.math 2021-02-23 20:30:25 [INFO:62260:osrf_prefork.c:262:] opensrf.math registering with router router@public.test-brick01-head.test.gapines.org/router
opensrf.math 2021-02-23 20:30:25 [INFO:62264:osrf_system.c:453:] Bootstrapping system with domain private.test-brick01-head.test.gapines.org, port 5222, and unixpath (none)
opensrf.math 2021-02-23 20:30:25 [INFO:62260:osrf_prefork.c:262:] opensrf.math registering with router router@private.test-brick01-head.test.gapines.org/router
opensrf.math 2021-02-23 20:30:25 [INFO:62260:osrf_prefork.c:224:] Launching osrf_forker for app opensrf.math
opensrf.math 2021-02-23 20:30:25 [INFO:62267:osrf_system.c:103:] Adding cache server 127.0.0.1:11211
opensrf.math 2021-02-23 20:30:25 [INFO:62270:osrf_system.c:103:] Adding cache server 127.0.0.1:11211
opensrf.math 2021-02-23 20:30:25 [INFO:62267:osrf_system.c:453:] Bootstrapping system with domain private.test-brick01-head.test.gapines.org, port 5222, and unixpath (none)
opensrf.math 2021-02-23 20:30:25 [INFO:62271:osrf_system.c:103:] Adding cache server 127.0.0.1:11211
opensrf.math 2021-02-23 20:30:25 [INFO:62270:osrf_system.c:453:] Bootstrapping system with domain private.test-brick01-head.test.gapines.org, port 5222, and unixpath (none)
opensrf.math 2021-02-23 20:30:25 [INFO:62271:osrf_system.c:453:] Bootstrapping system with domain private.test-brick01-head.test.gapines.org, port 5222, and unixpath (none)
opensrf.math 2021-02-23 20:30:25 [INFO:62262:osrf_application.c:249:] opensrf.math child init succeeded
opensrf.math 2021-02-23 20:30:25 [INFO:62270:osrf_application.c:249:] opensrf.math child init succeeded
opensrf.math 2021-02-23 20:30:25 [INFO:62264:osrf_application.c:249:] opensrf.math child init succeeded
opensrf.math 2021-02-23 20:30:25 [INFO:62271:osrf_application.c:249:] opensrf.math child init succeeded
opensrf.math 2021-02-23 20:30:25 [INFO:62267:osrf_application.c:249:] opensrf.math child init succeeded
opensrf 2021-02-23 20:30:25 [INFO:62272:osrf_system.c:453:] Bootstrapping system with domain private.test-brick01-head.test.gapines.org, port 5222, and unixpath (none)
opensrf 2021-02-23 20:30:25 [INFO:62272:osrf_app_session.c:1177:] [opensrf.settings] sent 248 bytes of data to router@private.test-brick01-head.test.gapines.org/opensrf.settings
[2021-02-23 20:30:25] opensrf.settings [INFO:62224:Application.pm:159:] CALL: opensrf.settings opensrf.settings.host_config.get test-brick01-head.test.gapines.org
[2021-02-23 20:30:25] opensrf.settings [INFO:62224:Transport.pm:163:] Message processing duration: 0.006
opensrf 2021-02-23 20:30:25 [INFO:62272:osrf_stack.c:163:] Message processing duration 0.000001
opensrf 2021-02-23 20:30:25 [INFO:62274:osrf_system.c:287:] Launching application opensrf.dbmath with implementation libosrf_dbmath.so
opensrf.dbmath 2021-02-23 20:30:25 [INFO:62274:osrf_application.c:145:] Registering application opensrf.dbmath with file libosrf_dbmath.so
opensrf.dbmath 2021-02-23 20:30:25 [INFO:62274:osrf_application.c:188:] Application opensrf.dbmath registered successfully
opensrf.dbmath 2021-02-23 20:30:25 [INFO:62274:osrf_prefork.c:146:] Loading config in osrf_forker for app opensrf.dbmath
opensrf.dbmath 2021-02-23 20:30:25 [WARN:62274:osrf_prefork.c:175:] Max backlog queue size not defined, assuming 1000
opensrf.dbmath 2021-02-23 20:30:25 [INFO:62274:osrf_system.c:453:] Bootstrapping system with domain private.test-brick01-head.test.gapines.org, port 5222, and unixpath (none)
opensrf.dbmath 2021-02-23 20:30:25 [INFO:62274:osrf_prefork.c:552:] Prefork launching child with max_request=1000,min_children=5, max_children=15
opensrf.dbmath 2021-02-23 20:30:25 [INFO:62281:osrf_system.c:103:] Adding cache server 127.0.0.1:11211
opensrf.dbmath 2021-02-23 20:30:25 [INFO:62282:osrf_system.c:103:] Adding cache server 127.0.0.1:11211
opensrf.dbmath 2021-02-23 20:30:25 [INFO:62281:osrf_system.c:453:] Bootstrapping system with domain private.test-brick01-head.test.gapines.org, port 5222, and unixpath (none)
opensrf.dbmath 2021-02-23 20:30:25 [INFO:62274:osrf_prefork.c:262:] opensrf.dbmath registering with router router@private.test-brick01-head.test.gapines.org/router
opensrf.dbmath 2021-02-23 20:30:25 [INFO:62282:osrf_system.c:453:] Bootstrapping system with domain private.test-brick01-head.test.gapines.org, port 5222, and unixpath (none)
opensrf.dbmath 2021-02-23 20:30:25 [INFO:62274:osrf_prefork.c:224:] Launching osrf_forker for app opensrf.dbmath
opensrf.dbmath 2021-02-23 20:30:25 [INFO:62285:osrf_system.c:103:] Adding cache server 127.0.0.1:11211
opensrf.dbmath 2021-02-23 20:30:25 [INFO:62284:osrf_system.c:103:] Adding cache server 127.0.0.1:11211
opensrf.dbmath 2021-02-23 20:30:25 [INFO:62285:osrf_system.c:453:] Bootstrapping system with domain private.test-brick01-head.test.gapines.org, port 5222, and unixpath (none)
opensrf.dbmath 2021-02-23 20:30:25 [INFO:62283:osrf_system.c:103:] Adding cache server 127.0.0.1:11211
opensrf.dbmath 2021-02-23 20:30:25 [INFO:62284:osrf_system.c:453:] Bootstrapping system with domain private.test-brick01-head.test.gapines.org, port 5222, and unixpath (none)
opensrf.dbmath 2021-02-23 20:30:25 [INFO:62281:osrf_application.c:249:] opensrf.dbmath child init succeeded
opensrf.dbmath 2021-02-23 20:30:25 [INFO:62282:osrf_application.c:249:] opensrf.dbmath child init succeeded
opensrf.dbmath 2021-02-23 20:30:25 [INFO:62283:osrf_system.c:453:] Bootstrapping system with domain private.test-brick01-head.test.gapines.org, port 5222, and unixpath (none)
opensrf.dbmath 2021-02-23 20:30:25 [INFO:62285:osrf_application.c:249:] opensrf.dbmath child init succeeded
opensrf.dbmath 2021-02-23 20:30:25 [INFO:62284:osrf_application.c:249:] opensrf.dbmath child init succeeded
opensrf.dbmath 2021-02-23 20:30:25 [INFO:62283:osrf_application.c:249:] opensrf.dbmath child init succeeded
opensrf 2021-02-23 20:30:25 [INFO:62286:osrf_system.c:453:] Bootstrapping system with domain private.test-brick01-head.test.gapines.org, port 5222, and unixpath (none)
opensrf 2021-02-23 20:30:25 [INFO:62286:osrf_app_session.c:1177:] [opensrf.settings] sent 248 bytes of data to router@private.test-brick01-head.test.gapines.org/opensrf.settings
[2021-02-23 20:30:25] opensrf.settings [INFO:62225:Application.pm:159:] CALL: opensrf.settings opensrf.settings.host_config.get test-brick01-head.test.gapines.org
[2021-02-23 20:30:25] opensrf.settings [INFO:62225:Transport.pm:163:] Message processing duration: 0.003
opensrf 2021-02-23 20:30:25 [INFO:62286:osrf_stack.c:163:] Message processing duration 0.000001
opensrf 2021-02-23 20:30:25 [INFO:62288:osrf_system.c:287:] Launching application opensrf.cslow with implementation libosrf_cslow.so
opensrf.cslow 2021-02-23 20:30:25 [INFO:62288:osrf_application.c:145:] Registering application opensrf.cslow with file libosrf_cslow.so
opensrf.cslow 2021-02-23 20:30:25 [INFO:62288:osrf_application.c:188:] Application opensrf.cslow registered successfully
opensrf.cslow 2021-02-23 20:30:25 [INFO:62288:osrf_prefork.c:146:] Loading config in osrf_forker for app opensrf.cslow
opensrf.cslow 2021-02-23 20:30:25 [INFO:62288:osrf_system.c:453:] Bootstrapping system with domain private.test-brick01-head.test.gapines.org, port 5222, and unixpath (none)
opensrf.cslow 2021-02-23 20:30:26 [INFO:62288:osrf_prefork.c:552:] Prefork launching child with max_request=1000,min_children=5, max_children=15
opensrf.cslow 2021-02-23 20:30:26 [INFO:62289:osrf_system.c:103:] Adding cache server 127.0.0.1:11211
opensrf.cslow 2021-02-23 20:30:26 [INFO:62290:osrf_system.c:103:] Adding cache server 127.0.0.1:11211
opensrf.cslow 2021-02-23 20:30:26 [INFO:62289:osrf_system.c:453:] Bootstrapping system with domain private.test-brick01-head.test.gapines.org, port 5222, and unixpath (none)
opensrf.cslow 2021-02-23 20:30:26 [INFO:62291:osrf_system.c:103:] Adding cache server 127.0.0.1:11211
opensrf.cslow 2021-02-23 20:30:26 [INFO:62292:osrf_system.c:103:] Adding cache server 127.0.0.1:11211
opensrf.cslow 2021-02-23 20:30:26 [INFO:62293:osrf_system.c:103:] Adding cache server 127.0.0.1:11211
opensrf.cslow 2021-02-23 20:30:26 [INFO:62288:osrf_prefork.c:262:] opensrf.cslow registering with router router@private.test-brick01-head.test.gapines.org/router
opensrf.cslow 2021-02-23 20:30:26 [INFO:62290:osrf_system.c:453:] Bootstrapping system with domain private.test-brick01-head.test.gapines.org, port 5222, and unixpath (none)
opensrf.cslow 2021-02-23 20:30:26 [INFO:62288:osrf_prefork.c:224:] Launching osrf_forker for app opensrf.cslow
opensrf.cslow 2021-02-23 20:30:26 [INFO:62292:osrf_system.c:453:] Bootstrapping system with domain private.test-brick01-head.test.gapines.org, port 5222, and unixpath (none)
opensrf.cslow 2021-02-23 20:30:26 [INFO:62292:osrf_application.c:249:] opensrf.cslow child init succeeded
opensrf.cslow 2021-02-23 20:30:26 [INFO:62291:osrf_system.c:453:] Bootstrapping system with domain private.test-brick01-head.test.gapines.org, port 5222, and unixpath (none)
opensrf.cslow 2021-02-23 20:30:26 [INFO:62293:osrf_system.c:453:] Bootstrapping system with domain private.test-brick01-head.test.gapines.org, port 5222, and unixpath (none)
opensrf.cslow 2021-02-23 20:30:26 [INFO:62290:osrf_application.c:249:] opensrf.cslow child init succeeded
opensrf.cslow 2021-02-23 20:30:26 [INFO:62291:osrf_application.c:249:] opensrf.cslow child init succeeded
opensrf.cslow 2021-02-23 20:30:26 [INFO:62289:osrf_application.c:249:] opensrf.cslow child init succeeded
opensrf.cslow 2021-02-23 20:30:26 [INFO:62293:osrf_application.c:249:] opensrf.cslow child init succeeded
[2021-02-23 20:30:26] opensrf.persist [INFO:62226:Server.pm:622:] server: registering with router router@private.test-brick01-head.test.gapines.org/router
[2021-02-23 20:31:02] opensrf.settings [INFO:62224:Transport.pm:163:] Message processing duration: 0.000
[2021-02-23 20:31:02] opensrf.settings [INFO:62224:Application.pm:159:1614112262631371] CALL: opensrf.settings opensrf.settings.host_config.get test-brick01-head.test.gapines.org, 
[2021-02-23 20:31:02] opensrf.settings [INFO:62225:Transport.pm:163:] Message processing duration: 0.000
[2021-02-23 20:31:02] opensrf.settings [INFO:62224:Transport.pm:163:1614112262631371] Message processing duration: 0.003
[2021-02-23 20:31:02] opensrf.settings [INFO:62225:Application.pm:159:1614112262631401] CALL: opensrf.settings opensrf.settings.host_config.get test-brick01-head.test.gapines.org, 
[2021-02-23 20:31:02] opensrf.settings [INFO:62225:Transport.pm:163:1614112262631401] Message processing duration: 0.003
[2021-02-23 20:31:02] opensrf.settings [INFO:62223:Transport.pm:163:] Message processing duration: 0.001
[2021-02-23 20:31:02] opensrf.settings [INFO:62223:Application.pm:159:1614112262631381] CALL: opensrf.settings opensrf.settings.host_config.get test-brick01-head.test.gapines.org, 
[2021-02-23 20:31:02] opensrf.settings [INFO:62223:Transport.pm:163:1614112262631381] Message processing duration: 0.003
[2021-02-23 20:31:02] opensrf.settings [INFO:62225:Transport.pm:163:1614112262631401] Message processing duration: 0.000
[2021-02-23 20:31:02] opensrf.settings [INFO:62224:Transport.pm:163:1614112262631371] Message processing duration: 0.000
[2021-02-23 20:31:02] opensrf.settings [INFO:62222:Transport.pm:163:] Message processing duration: 0.001
[2021-02-23 20:31:02] opensrf.settings [INFO:62222:Application.pm:159:1614112262631431] CALL: opensrf.settings opensrf.settings.host_config.get test-brick01-head.test.gapines.org, 
[2021-02-23 20:31:02] opensrf.settings [INFO:62223:Transport.pm:163:1614112262631381] Message processing duration: 0.000
[2021-02-23 20:31:02] opensrf.settings [INFO:62222:Transport.pm:163:1614112262631431] Message processing duration: 0.003
[2021-02-23 20:31:02] opensrf.settings [INFO:62225:Transport.pm:163:] Message processing duration: 0.000
[2021-02-23 20:31:02] opensrf.settings [INFO:62225:Application.pm:159:1614112262631421] CALL: opensrf.settings opensrf.settings.host_config.get test-brick01-head.test.gapines.org, 
[2021-02-23 20:31:02] opensrf.settings [INFO:62223:Transport.pm:163:] Message processing duration: 0.000
[2021-02-23 20:31:02] opensrf.settings [INFO:62225:Transport.pm:163:1614112262631421] Message processing duration: 0.003
[2021-02-23 20:31:02] opensrf.settings [INFO:62222:Transport.pm:163:1614112262631431] Message processing duration: 0.000
[2021-02-23 20:31:02] opensrf.settings [INFO:62223:Application.pm:159:1614112262631411] CALL: opensrf.settings opensrf.settings.host_config.get test-brick01-head.test.gapines.org, 
[2021-02-23 20:31:02] opensrf.settings [INFO:62223:Transport.pm:163:1614112262631411] Message processing duration: 0.003
[2021-02-23 20:31:02] opensrf.settings [INFO:62225:Transport.pm:163:1614112262631421] Message processing duration: 0.000
[2021-02-23 20:31:02] opensrf.settings [INFO:62222:Transport.pm:163:] Message processing duration: 0.000
[2021-02-23 20:31:02] opensrf.settings [INFO:62225:Transport.pm:163:] Message processing duration: 0.000
[2021-02-23 20:31:02] opensrf.settings [INFO:62224:Transport.pm:163:] Message processing duration: 0.000
[2021-02-23 20:31:02] opensrf.settings [INFO:62223:Transport.pm:163:1614112262631411] Message processing duration: 0.000
[2021-02-23 20:31:02] opensrf.settings [INFO:62225:Application.pm:159:1614112262631461] CALL: opensrf.settings opensrf.settings.host_config.get test-brick01-head.test.gapines.org, 
[2021-02-23 20:31:02] opensrf.settings [INFO:62222:Application.pm:159:1614112262631481] CALL: opensrf.settings opensrf.settings.host_config.get test-brick01-head.test.gapines.org, 
[2021-02-23 20:31:02] opensrf.settings [INFO:62225:Transport.pm:163:1614112262631461] Message processing duration: 0.003
[2021-02-23 20:31:02] opensrf.settings [INFO:62224:Application.pm:159:1614112262631491] CALL: opensrf.settings opensrf.settings.host_config.get test-brick01-head.test.gapines.org, 
[2021-02-23 20:31:02] opensrf.settings [INFO:62222:Transport.pm:163:1614112262631481] Message processing duration: 0.003
[2021-02-23 20:31:02] opensrf.settings [INFO:62224:Transport.pm:163:1614112262631491] Message processing duration: 0.003
[2021-02-23 20:31:02] opensrf.settings [INFO:62221:Transport.pm:163:] Message processing duration: 0.003
[2021-02-23 20:31:02] opensrf.settings [INFO:62223:Transport.pm:163:] Message processing duration: 0.000
[2021-02-23 20:31:02] opensrf.settings [INFO:62225:Transport.pm:163:1614112262631461] Message processing duration: 0.000
[2021-02-23 20:31:02] opensrf.settings [INFO:62222:Transport.pm:163:1614112262631481] Message processing duration: 0.000
[2021-02-23 20:31:02] opensrf.settings [INFO:62225:Transport.pm:163:] Message processing duration: 0.000
[2021-02-23 20:31:02] opensrf.settings [INFO:62221:Application.pm:159:1614112262631471] CALL: opensrf.settings opensrf.settings.host_config.get test-brick01-head.test.gapines.org, 
[2021-02-23 20:31:02] opensrf.settings [INFO:62224:Transport.pm:163:1614112262631491] Message processing duration: 0.000
[2021-02-23 20:31:02] opensrf.settings [INFO:62223:Application.pm:159:1614112262631561] CALL: opensrf.settings opensrf.settings.host_config.get test-brick01-head.test.gapines.org, 
[2021-02-23 20:31:02] opensrf.settings [INFO:62225:Application.pm:159:1614112262631571] CALL: opensrf.settings opensrf.settings.host_config.get test-brick01-head.test.gapines.org, 
[2021-02-23 20:31:02] opensrf.settings [INFO:62223:Transport.pm:163:1614112262631561] Message processing duration: 0.003
[2021-02-23 20:31:02] opensrf.settings [INFO:62221:Transport.pm:163:1614112262631471] Message processing duration: 0.003
[2021-02-23 20:31:02] opensrf.settings [INFO:62225:Transport.pm:163:1614112262631571] Message processing duration: 0.003
[2021-02-23 20:31:02] opensrf.settings [INFO:62223:Transport.pm:163:1614112262631561] Message processing duration: 0.000
[2021-02-23 20:31:02] opensrf.settings [INFO:62221:Transport.pm:163:1614112262631471] Message processing duration: 0.000
[2021-02-23 20:31:02] opensrf.settings [INFO:62222:Transport.pm:163:] Message processing duration: 0.000
[2021-02-23 20:31:02] opensrf.settings [INFO:62225:Transport.pm:163:1614112262631571] Message processing duration: 0.000
[2021-02-23 20:31:02] opensrf.settings [INFO:62223:Transport.pm:163:] Message processing duration: 0.000
[2021-02-23 20:31:02] opensrf.settings [INFO:62225:Transport.pm:163:] Message processing duration: 0.000
[2021-02-23 20:31:02] opensrf.settings [INFO:62221:Transport.pm:163:] Message processing duration: 0.000
[2021-02-23 20:31:02] opensrf.settings [INFO:62224:Transport.pm:163:] Message processing duration: 0.000
[2021-02-23 20:31:02] opensrf.settings [INFO:62222:Application.pm:159:1614112262631501] CALL: opensrf.settings opensrf.settings.host_config.get test-brick01-head.test.gapines.org, 
[2021-02-23 20:31:02] opensrf.settings [INFO:62225:Application.pm:159:1614112262631541] CALL: opensrf.settings opensrf.settings.host_config.get test-brick01-head.test.gapines.org, 
[2021-02-23 20:31:02] opensrf.settings [INFO:62223:Application.pm:159:1614112262631441] CALL: opensrf.settings opensrf.settings.host_config.get test-brick01-head.test.gapines.org, 
[2021-02-23 20:31:02] opensrf.settings [INFO:62221:Application.pm:159:1614112262631551] CALL: opensrf.settings opensrf.settings.host_config.get test-brick01-head.test.gapines.org, 
[2021-02-23 20:31:02] opensrf.settings [INFO:62222:Transport.pm:163:1614112262631501] Message processing duration: 0.003
[2021-02-23 20:31:02] opensrf.settings [INFO:62225:Transport.pm:163:1614112262631541] Message processing duration: 0.002
[2021-02-23 20:31:02] opensrf.settings [INFO:62224:Application.pm:159:1614112262631451] CALL: opensrf.settings opensrf.settings.host_config.get test-brick01-head.test.gapines.org, 
[2021-02-23 20:31:02] opensrf.settings [INFO:62223:Transport.pm:163:1614112262631441] Message processing duration: 0.002
[2021-02-23 20:31:02] opensrf.settings [INFO:62221:Transport.pm:163:1614112262631551] Message processing duration: 0.002
[2021-02-23 20:31:02] opensrf.settings [INFO:62224:Transport.pm:163:1614112262631451] Message processing duration: 0.003
[2021-02-23 20:31:02] opensrf.settings [INFO:62222:Transport.pm:163:1614112262631501] Message processing duration: 0.000
[2021-02-23 20:31:02] opensrf.settings [INFO:62221:Transport.pm:163:1614112262631551] Message processing duration: 0.000
[2021-02-23 20:31:02] opensrf.settings [INFO:62225:Transport.pm:163:1614112262631541] Message processing duration: 0.000
[2021-02-23 20:31:02] opensrf.settings [INFO:62224:Transport.pm:163:1614112262631451] Message processing duration: 0.000
[2021-02-23 20:31:02] opensrf.settings [INFO:62223:Transport.pm:163:1614112262631441] Message processing duration: 0.000
[2021-02-23 20:31:03] opensrf.settings [INFO:63162:Transport.pm:163:] Message processing duration: 0.001
[2021-02-23 20:31:03] opensrf.settings [INFO:63162:Application.pm:159:1614112262631521] CALL: opensrf.settings opensrf.settings.host_config.get test-brick01-head.test.gapines.org, 
[2021-02-23 20:31:03] opensrf.settings [INFO:62224:Transport.pm:163:] Message processing duration: 0.000
[2021-02-23 20:31:03] opensrf.settings [INFO:63162:Transport.pm:163:1614112262631521] Message processing duration: 0.003
[2021-02-23 20:31:03] opensrf.settings [INFO:63163:Transport.pm:163:] Message processing duration: 0.001
[2021-02-23 20:31:03] opensrf.settings [INFO:62224:Application.pm:159:1614112262631531] CALL: opensrf.settings opensrf.settings.host_config.get test-brick01-head.test.gapines.org, 
[2021-02-23 20:31:03] opensrf.settings [INFO:62224:Transport.pm:163:1614112262631531] Message processing duration: 0.002
[2021-02-23 20:31:03] opensrf.settings [INFO:63163:Application.pm:159:1614112262631511] CALL: opensrf.settings opensrf.settings.host_config.get test-brick01-head.test.gapines.org, 
[2021-02-23 20:31:03] opensrf.settings [INFO:63162:Transport.pm:163:1614112262631521] Message processing duration: 0.000
[2021-02-23 20:31:03] opensrf.settings [INFO:63163:Transport.pm:163:1614112262631511] Message processing duration: 0.003
[2021-02-23 20:31:03] opensrf.settings [INFO:62224:Transport.pm:163:1614112262631531] Message processing duration: 0.000
[2021-02-23 20:31:03] opensrf.settings [INFO:63163:Transport.pm:163:1614112262631511] Message processing duration: 0.000
opensrf.cslow 2021-02-24 15:23:13 [INFO:62288:osrf_prefork.c:733:] server: received SIGTERM, shutting down
opensrf.cslow 2021-02-24 15:23:13 [INFO:62288:osrf_prefork.c:256:] opensrf.cslow un-registering with router router@private.test-brick01-head.test.gapines.org/router
opensrf.cslow 2021-02-24 15:23:13 [INFO:62288:osrf_prefork.c:1475:] all active children are now idle in graceful shutdown
opensrf.dbmath 2021-02-24 15:23:13 [INFO:62274:osrf_prefork.c:733:] server: received SIGTERM, shutting down
opensrf.dbmath 2021-02-24 15:23:13 [INFO:62274:osrf_prefork.c:256:] opensrf.dbmath un-registering with router router@private.test-brick01-head.test.gapines.org/router
opensrf.dbmath 2021-02-24 15:23:13 [INFO:62274:osrf_prefork.c:1475:] all active children are now idle in graceful shutdown
opensrf.math 2021-02-24 15:23:13 [INFO:62260:osrf_prefork.c:733:] server: received SIGTERM, shutting down
opensrf.math 2021-02-24 15:23:13 [INFO:62260:osrf_prefork.c:256:] opensrf.math un-registering with router router@public.test-brick01-head.test.gapines.org/router
opensrf.math 2021-02-24 15:23:13 [INFO:62260:osrf_prefork.c:256:] opensrf.math un-registering with router router@private.test-brick01-head.test.gapines.org/router
opensrf.math 2021-02-24 15:23:13 [INFO:62260:osrf_prefork.c:1475:] all active children are now idle in graceful shutdown
[2021-02-24 15:23:13] opensrf.persist [INFO:62226:Server.pm:72:] server: shutting down and cleaning up...
[2021-02-24 15:23:13] opensrf.persist [INFO:62226:Server.pm:643:] server: disconnecting from router router@private.test-brick01-head.test.gapines.org/router
[2021-02-24 15:23:13] opensrf.persist [INFO:62226:Server.pm:88:] server: all clear for graceful shutdown
[2021-02-24 15:23:13] opensrf.settings [INFO:62213:Server.pm:72:] server: shutting down and cleaning up...
[2021-02-24 15:23:13] opensrf.settings [INFO:62213:Server.pm:643:] server: disconnecting from router router@private.test-brick01-head.test.gapines.org/router
[2021-02-24 15:23:13] opensrf.settings [INFO:62213:Server.pm:83:] server: graceful shutdown with 3 active children...
[2021-02-24 15:23:13] opensrf.settings [INFO:62213:Server.pm:88:] server: all clear for graceful shutdown
[2021-02-24 15:23:13] opensrf.slooooooow [INFO:62243:Server.pm:72:] server: shutting down and cleaning up...
[2021-02-24 15:23:13] opensrf.validator [INFO:62234:Server.pm:72:] server: shutting down and cleaning up...
[2021-02-24 15:23:13] opensrf.slooooooow [INFO:62243:Server.pm:643:] server: disconnecting from router router@private.test-brick01-head.test.gapines.org/router
[2021-02-24 15:23:13] opensrf.validator [INFO:62234:Server.pm:643:] server: disconnecting from router router@private.test-brick01-head.test.gapines.org/router
[2021-02-24 15:23:13] opensrf.slooooooow [INFO:62243:Server.pm:88:] server: all clear for graceful shutdown
[2021-02-24 15:23:13] opensrf.validator [INFO:62234:Server.pm:88:] server: all clear for graceful shutdown
