router 2021-02-23 20:30:23 [INFO:62203:osrf_router_main.c:281:] Router connecting as: server: private.test-brick01-head.test.gapines.org port: 5222 user: router resource: router
router 2021-02-23 20:30:23 [INFO:62203:osrf_router_main.c:304:] Router adding trusted server: private.test-brick01-head.test.gapines.org
router 2021-02-23 20:30:23 [INFO:62203:osrf_router_main.c:316:] Router adding trusted client: private.test-brick01-head.test.gapines.org
router 2021-02-23 20:30:25 [DEBG:62205:osrf_router.c:237:] Top router socket is active: 3
router 2021-02-23 20:30:25 [DEBG:62205:osrf_router.c:284:] osrfRouterHandleIncoming(): investigating message from opensrf@private.test-brick01-head.test.gapines.org/opensrf.settings_listener_test-brick01-head.test.gapines.org_62213
router 2021-02-23 20:30:25 [INFO:62205:osrf_router.c:404:] Registering class opensrf.settings
router 2021-02-23 20:30:25 [INFO:62205:osrf_router.c:469:] Adding router node for remote id opensrf@private.test-brick01-head.test.gapines.org/opensrf.settings_listener_test-brick01-head.test.gapines.org_62213
router 2021-02-23 20:30:25 [DEBG:62205:osrf_router.c:252:] Checking opensrf.settings for activity...
router 2021-02-23 20:30:25 [DEBG:62205:osrf_router.c:237:] Top router socket is active: 3
router 2021-02-23 20:30:25 [DEBG:62205:osrf_router.c:284:] osrfRouterHandleIncoming(): investigating message from opensrf@private.test-brick01-head.test.gapines.org/opensrf.validator_listener_test-brick01-head.test.gapines.org_62234
router 2021-02-23 20:30:25 [INFO:62205:osrf_router.c:404:] Registering class opensrf.validator
router 2021-02-23 20:30:25 [INFO:62205:osrf_router.c:469:] Adding router node for remote id opensrf@private.test-brick01-head.test.gapines.org/opensrf.validator_listener_test-brick01-head.test.gapines.org_62234
router 2021-02-23 20:30:25 [DEBG:62205:osrf_router.c:252:] Checking opensrf.settings for activity...
router 2021-02-23 20:30:25 [DEBG:62205:osrf_router.c:252:] Checking opensrf.validator for activity...
router 2021-02-23 20:30:25 [DEBG:62205:osrf_router.c:252:] Checking opensrf.settings for activity...
router 2021-02-23 20:30:25 [DEBG:62205:osrf_router.c:256:] Socket is active: 4
router 2021-02-23 20:30:25 [DEBG:62205:osrf_router.c:323:] osrfRouterClassHandleIncoming()
router 2021-02-23 20:30:25 [DEBG:62205:osrf_router.c:334:] osrfRouterClassHandleIncoming(): investigating message from opensrf@private.test-brick01-head.test.gapines.org/c_launcher_test-brick01-head_1614112225.925381_62256
router 2021-02-23 20:30:25 [DEBG:62205:osrf_router.c:566:] osrfRouterClassHandleMessage()
router 2021-02-23 20:30:25 [INFO:62205:osrf_router.c:583:] Routing message:
from: [opensrf@private.test-brick01-head.test.gapines.org/c_launcher_test-brick01-head_1614112225.925381_62256]
to: [opensrf@private.test-brick01-head.test.gapines.org/opensrf.settings_listener_test-brick01-head.test.gapines.org_62213]
router 2021-02-23 20:30:25 [DEBG:62205:osrf_router.c:252:] Checking opensrf.validator for activity...
router 2021-02-23 20:30:25 [DEBG:62205:osrf_router.c:237:] Top router socket is active: 3
router 2021-02-23 20:30:25 [DEBG:62205:osrf_router.c:284:] osrfRouterHandleIncoming(): investigating message from opensrf@private.test-brick01-head.test.gapines.org/opensrf.slooooooow_listener_test-brick01-head.test.gapines.org_62243
router 2021-02-23 20:30:25 [INFO:62205:osrf_router.c:404:] Registering class opensrf.slooooooow
router 2021-02-23 20:30:25 [INFO:62205:osrf_router.c:469:] Adding router node for remote id opensrf@private.test-brick01-head.test.gapines.org/opensrf.slooooooow_listener_test-brick01-head.test.gapines.org_62243
router 2021-02-23 20:30:25 [DEBG:62205:osrf_router.c:252:] Checking opensrf.settings for activity...
router 2021-02-23 20:30:25 [DEBG:62205:osrf_router.c:252:] Checking opensrf.validator for activity...
router 2021-02-23 20:30:25 [DEBG:62205:osrf_router.c:252:] Checking opensrf.slooooooow for activity...
router 2021-02-23 20:30:25 [DEBG:62205:osrf_router.c:237:] Top router socket is active: 3
router 2021-02-23 20:30:25 [DEBG:62205:osrf_router.c:284:] osrfRouterHandleIncoming(): investigating message from opensrf@private.test-brick01-head.test.gapines.org/opensrf.math_listener_test-brick01-head_1614112225.945397_62260
router 2021-02-23 20:30:25 [INFO:62205:osrf_router.c:404:] Registering class opensrf.math
router 2021-02-23 20:30:25 [INFO:62205:osrf_router.c:469:] Adding router node for remote id opensrf@private.test-brick01-head.test.gapines.org/opensrf.math_listener_test-brick01-head_1614112225.945397_62260
router 2021-02-23 20:30:25 [DEBG:62205:osrf_router.c:252:] Checking opensrf.settings for activity...
router 2021-02-23 20:30:25 [DEBG:62205:osrf_router.c:252:] Checking opensrf.validator for activity...
router 2021-02-23 20:30:25 [DEBG:62205:osrf_router.c:252:] Checking opensrf.slooooooow for activity...
router 2021-02-23 20:30:25 [DEBG:62205:osrf_router.c:252:] Checking opensrf.math for activity...
router 2021-02-23 20:30:25 [DEBG:62205:osrf_router.c:252:] Checking opensrf.settings for activity...
router 2021-02-23 20:30:25 [DEBG:62205:osrf_router.c:256:] Socket is active: 4
router 2021-02-23 20:30:25 [DEBG:62205:osrf_router.c:323:] osrfRouterClassHandleIncoming()
router 2021-02-23 20:30:25 [DEBG:62205:osrf_router.c:334:] osrfRouterClassHandleIncoming(): investigating message from opensrf@private.test-brick01-head.test.gapines.org/c_launcher_test-brick01-head_1614112225.961505_62272
router 2021-02-23 20:30:25 [DEBG:62205:osrf_router.c:566:] osrfRouterClassHandleMessage()
router 2021-02-23 20:30:25 [INFO:62205:osrf_router.c:583:] Routing message:
from: [opensrf@private.test-brick01-head.test.gapines.org/c_launcher_test-brick01-head_1614112225.961505_62272]
to: [opensrf@private.test-brick01-head.test.gapines.org/opensrf.settings_listener_test-brick01-head.test.gapines.org_62213]
router 2021-02-23 20:30:25 [DEBG:62205:osrf_router.c:252:] Checking opensrf.validator for activity...
router 2021-02-23 20:30:25 [DEBG:62205:osrf_router.c:252:] Checking opensrf.slooooooow for activity...
router 2021-02-23 20:30:25 [DEBG:62205:osrf_router.c:252:] Checking opensrf.math for activity...
router 2021-02-23 20:30:25 [DEBG:62205:osrf_router.c:237:] Top router socket is active: 3
router 2021-02-23 20:30:25 [DEBG:62205:osrf_router.c:284:] osrfRouterHandleIncoming(): investigating message from opensrf@private.test-brick01-head.test.gapines.org/opensrf.dbmath_listener_test-brick01-head_1614112225.978199_62274
router 2021-02-23 20:30:25 [INFO:62205:osrf_router.c:404:] Registering class opensrf.dbmath
router 2021-02-23 20:30:25 [INFO:62205:osrf_router.c:469:] Adding router node for remote id opensrf@private.test-brick01-head.test.gapines.org/opensrf.dbmath_listener_test-brick01-head_1614112225.978199_62274
router 2021-02-23 20:30:25 [DEBG:62205:osrf_router.c:252:] Checking opensrf.settings for activity...
router 2021-02-23 20:30:25 [DEBG:62205:osrf_router.c:252:] Checking opensrf.validator for activity...
router 2021-02-23 20:30:25 [DEBG:62205:osrf_router.c:252:] Checking opensrf.slooooooow for activity...
router 2021-02-23 20:30:25 [DEBG:62205:osrf_router.c:252:] Checking opensrf.math for activity...
router 2021-02-23 20:30:25 [DEBG:62205:osrf_router.c:252:] Checking opensrf.dbmath for activity...
router 2021-02-23 20:30:25 [DEBG:62205:osrf_router.c:252:] Checking opensrf.settings for activity...
router 2021-02-23 20:30:25 [DEBG:62205:osrf_router.c:256:] Socket is active: 4
router 2021-02-23 20:30:25 [DEBG:62205:osrf_router.c:323:] osrfRouterClassHandleIncoming()
router 2021-02-23 20:30:25 [DEBG:62205:osrf_router.c:334:] osrfRouterClassHandleIncoming(): investigating message from opensrf@private.test-brick01-head.test.gapines.org/c_launcher_test-brick01-head_1614112225.994221_62286
router 2021-02-23 20:30:25 [DEBG:62205:osrf_router.c:566:] osrfRouterClassHandleMessage()
router 2021-02-23 20:30:25 [INFO:62205:osrf_router.c:583:] Routing message:
from: [opensrf@private.test-brick01-head.test.gapines.org/c_launcher_test-brick01-head_1614112225.994221_62286]
to: [opensrf@private.test-brick01-head.test.gapines.org/opensrf.settings_listener_test-brick01-head.test.gapines.org_62213]
router 2021-02-23 20:30:25 [DEBG:62205:osrf_router.c:252:] Checking opensrf.validator for activity...
router 2021-02-23 20:30:25 [DEBG:62205:osrf_router.c:252:] Checking opensrf.slooooooow for activity...
router 2021-02-23 20:30:25 [DEBG:62205:osrf_router.c:252:] Checking opensrf.math for activity...
router 2021-02-23 20:30:25 [DEBG:62205:osrf_router.c:252:] Checking opensrf.dbmath for activity...
router 2021-02-23 20:30:26 [DEBG:62205:osrf_router.c:237:] Top router socket is active: 3
router 2021-02-23 20:30:26 [DEBG:62205:osrf_router.c:284:] osrfRouterHandleIncoming(): investigating message from opensrf@private.test-brick01-head.test.gapines.org/opensrf.cslow_listener_test-brick01-head_1614112226.005614_62288
router 2021-02-23 20:30:26 [INFO:62205:osrf_router.c:404:] Registering class opensrf.cslow
router 2021-02-23 20:30:26 [INFO:62205:osrf_router.c:469:] Adding router node for remote id opensrf@private.test-brick01-head.test.gapines.org/opensrf.cslow_listener_test-brick01-head_1614112226.005614_62288
router 2021-02-23 20:30:26 [DEBG:62205:osrf_router.c:252:] Checking opensrf.settings for activity...
router 2021-02-23 20:30:26 [DEBG:62205:osrf_router.c:252:] Checking opensrf.validator for activity...
router 2021-02-23 20:30:26 [DEBG:62205:osrf_router.c:252:] Checking opensrf.slooooooow for activity...
router 2021-02-23 20:30:26 [DEBG:62205:osrf_router.c:252:] Checking opensrf.math for activity...
router 2021-02-23 20:30:26 [DEBG:62205:osrf_router.c:252:] Checking opensrf.dbmath for activity...
router 2021-02-23 20:30:26 [DEBG:62205:osrf_router.c:252:] Checking opensrf.cslow for activity...
router 2021-02-23 20:30:26 [DEBG:62205:osrf_router.c:237:] Top router socket is active: 3
router 2021-02-23 20:30:26 [DEBG:62205:osrf_router.c:284:] osrfRouterHandleIncoming(): investigating message from opensrf@private.test-brick01-head.test.gapines.org/opensrf.persist_listener_test-brick01-head.test.gapines.org_62226
router 2021-02-23 20:30:26 [INFO:62205:osrf_router.c:404:] Registering class opensrf.persist
router 2021-02-23 20:30:26 [INFO:62205:osrf_router.c:469:] Adding router node for remote id opensrf@private.test-brick01-head.test.gapines.org/opensrf.persist_listener_test-brick01-head.test.gapines.org_62226
router 2021-02-23 20:30:26 [DEBG:62205:osrf_router.c:252:] Checking opensrf.settings for activity...
router 2021-02-23 20:30:26 [DEBG:62205:osrf_router.c:252:] Checking opensrf.validator for activity...
router 2021-02-23 20:30:26 [DEBG:62205:osrf_router.c:252:] Checking opensrf.slooooooow for activity...
router 2021-02-23 20:30:26 [DEBG:62205:osrf_router.c:252:] Checking opensrf.math for activity...
router 2021-02-23 20:30:26 [DEBG:62205:osrf_router.c:252:] Checking opensrf.dbmath for activity...
router 2021-02-23 20:30:26 [DEBG:62205:osrf_router.c:252:] Checking opensrf.cslow for activity...
router 2021-02-23 20:30:26 [DEBG:62205:osrf_router.c:252:] Checking opensrf.persist for activity...
router 2021-02-23 20:31:02 [DEBG:62205:osrf_router.c:252:] Checking opensrf.settings for activity...
router 2021-02-23 20:31:02 [DEBG:62205:osrf_router.c:256:] Socket is active: 4
router 2021-02-23 20:31:02 [DEBG:62205:osrf_router.c:323:] osrfRouterClassHandleIncoming()
router 2021-02-23 20:31:02 [DEBG:62205:osrf_router.c:334:] osrfRouterClassHandleIncoming(): investigating message from opensrf@private.test-brick01-head.test.gapines.org/client_at_test-brick01-head.test.gapines.org_63137
router 2021-02-23 20:31:02 [DEBG:62205:osrf_router.c:566:] osrfRouterClassHandleMessage()
router 2021-02-23 20:31:02 [INFO:62205:osrf_router.c:583:] Routing message:
from: [opensrf@private.test-brick01-head.test.gapines.org/client_at_test-brick01-head.test.gapines.org_63137]
to: [opensrf@private.test-brick01-head.test.gapines.org/opensrf.settings_listener_test-brick01-head.test.gapines.org_62213]
router 2021-02-23 20:31:02 [DEBG:62205:osrf_router.c:252:] Checking opensrf.validator for activity...
router 2021-02-23 20:31:02 [DEBG:62205:osrf_router.c:252:] Checking opensrf.slooooooow for activity...
router 2021-02-23 20:31:02 [DEBG:62205:osrf_router.c:252:] Checking opensrf.math for activity...
router 2021-02-23 20:31:02 [DEBG:62205:osrf_router.c:252:] Checking opensrf.dbmath for activity...
router 2021-02-23 20:31:02 [DEBG:62205:osrf_router.c:252:] Checking opensrf.cslow for activity...
router 2021-02-23 20:31:02 [DEBG:62205:osrf_router.c:252:] Checking opensrf.persist for activity...
router 2021-02-23 20:31:02 [DEBG:62205:osrf_router.c:252:] Checking opensrf.settings for activity...
router 2021-02-23 20:31:02 [DEBG:62205:osrf_router.c:256:] Socket is active: 4
router 2021-02-23 20:31:02 [DEBG:62205:osrf_router.c:323:] osrfRouterClassHandleIncoming()
router 2021-02-23 20:31:02 [DEBG:62205:osrf_router.c:334:] osrfRouterClassHandleIncoming(): investigating message from opensrf@private.test-brick01-head.test.gapines.org/client_at_test-brick01-head.test.gapines.org_63140
router 2021-02-23 20:31:02 [DEBG:62205:osrf_router.c:566:] osrfRouterClassHandleMessage()
router 2021-02-23 20:31:02 [INFO:62205:osrf_router.c:583:] Routing message:
from: [opensrf@private.test-brick01-head.test.gapines.org/client_at_test-brick01-head.test.gapines.org_63140]
to: [opensrf@private.test-brick01-head.test.gapines.org/opensrf.settings_listener_test-brick01-head.test.gapines.org_62213]
router 2021-02-23 20:31:02 [DEBG:62205:osrf_router.c:252:] Checking opensrf.validator for activity...
router 2021-02-23 20:31:02 [DEBG:62205:osrf_router.c:252:] Checking opensrf.slooooooow for activity...
router 2021-02-23 20:31:02 [DEBG:62205:osrf_router.c:252:] Checking opensrf.math for activity...
router 2021-02-23 20:31:02 [DEBG:62205:osrf_router.c:252:] Checking opensrf.dbmath for activity...
router 2021-02-23 20:31:02 [DEBG:62205:osrf_router.c:252:] Checking opensrf.cslow for activity...
router 2021-02-23 20:31:02 [DEBG:62205:osrf_router.c:252:] Checking opensrf.persist for activity...
router 2021-02-23 20:31:02 [DEBG:62205:osrf_router.c:252:] Checking opensrf.settings for activity...
router 2021-02-23 20:31:02 [DEBG:62205:osrf_router.c:256:] Socket is active: 4
router 2021-02-23 20:31:02 [DEBG:62205:osrf_router.c:323:] osrfRouterClassHandleIncoming()
router 2021-02-23 20:31:02 [DEBG:62205:osrf_router.c:334:] osrfRouterClassHandleIncoming(): investigating message from opensrf@private.test-brick01-head.test.gapines.org/client_at_test-brick01-head.test.gapines.org_63138
router 2021-02-23 20:31:02 [DEBG:62205:osrf_router.c:566:] osrfRouterClassHandleMessage()
router 2021-02-23 20:31:02 [INFO:62205:osrf_router.c:583:] Routing message:
from: [opensrf@private.test-brick01-head.test.gapines.org/client_at_test-brick01-head.test.gapines.org_63138]
to: [opensrf@private.test-brick01-head.test.gapines.org/opensrf.settings_listener_test-brick01-head.test.gapines.org_62213]
router 2021-02-23 20:31:02 [DEBG:62205:osrf_router.c:252:] Checking opensrf.validator for activity...
router 2021-02-23 20:31:02 [DEBG:62205:osrf_router.c:252:] Checking opensrf.slooooooow for activity...
router 2021-02-23 20:31:02 [DEBG:62205:osrf_router.c:252:] Checking opensrf.math for activity...
router 2021-02-23 20:31:02 [DEBG:62205:osrf_router.c:252:] Checking opensrf.dbmath for activity...
router 2021-02-23 20:31:02 [DEBG:62205:osrf_router.c:252:] Checking opensrf.cslow for activity...
router 2021-02-23 20:31:02 [DEBG:62205:osrf_router.c:252:] Checking opensrf.persist for activity...
router 2021-02-23 20:31:02 [DEBG:62205:osrf_router.c:252:] Checking opensrf.settings for activity...
router 2021-02-23 20:31:02 [DEBG:62205:osrf_router.c:256:] Socket is active: 4
router 2021-02-23 20:31:02 [DEBG:62205:osrf_router.c:323:] osrfRouterClassHandleIncoming()
router 2021-02-23 20:31:02 [DEBG:62205:osrf_router.c:334:] osrfRouterClassHandleIncoming(): investigating message from opensrf@private.test-brick01-head.test.gapines.org/client_at_test-brick01-head.test.gapines.org_63143
router 2021-02-23 20:31:02 [DEBG:62205:osrf_router.c:566:] osrfRouterClassHandleMessage()
router 2021-02-23 20:31:02 [INFO:62205:osrf_router.c:583:] Routing message:
from: [opensrf@private.test-brick01-head.test.gapines.org/client_at_test-brick01-head.test.gapines.org_63143]
to: [opensrf@private.test-brick01-head.test.gapines.org/opensrf.settings_listener_test-brick01-head.test.gapines.org_62213]
router 2021-02-23 20:31:02 [DEBG:62205:osrf_router.c:252:] Checking opensrf.validator for activity...
router 2021-02-23 20:31:02 [DEBG:62205:osrf_router.c:252:] Checking opensrf.slooooooow for activity...
router 2021-02-23 20:31:02 [DEBG:62205:osrf_router.c:252:] Checking opensrf.math for activity...
router 2021-02-23 20:31:02 [DEBG:62205:osrf_router.c:252:] Checking opensrf.dbmath for activity...
router 2021-02-23 20:31:02 [DEBG:62205:osrf_router.c:252:] Checking opensrf.cslow for activity...
router 2021-02-23 20:31:02 [DEBG:62205:osrf_router.c:252:] Checking opensrf.persist for activity...
router 2021-02-23 20:31:02 [DEBG:62205:osrf_router.c:252:] Checking opensrf.settings for activity...
router 2021-02-23 20:31:02 [DEBG:62205:osrf_router.c:256:] Socket is active: 4
router 2021-02-23 20:31:02 [DEBG:62205:osrf_router.c:323:] osrfRouterClassHandleIncoming()
router 2021-02-23 20:31:02 [DEBG:62205:osrf_router.c:334:] osrfRouterClassHandleIncoming(): investigating message from opensrf@private.test-brick01-head.test.gapines.org/client_at_test-brick01-head.test.gapines.org_63142
router 2021-02-23 20:31:02 [DEBG:62205:osrf_router.c:566:] osrfRouterClassHandleMessage()
router 2021-02-23 20:31:02 [INFO:62205:osrf_router.c:583:] Routing message:
from: [opensrf@private.test-brick01-head.test.gapines.org/client_at_test-brick01-head.test.gapines.org_63142]
to: [opensrf@private.test-brick01-head.test.gapines.org/opensrf.settings_listener_test-brick01-head.test.gapines.org_62213]
router 2021-02-23 20:31:02 [DEBG:62205:osrf_router.c:252:] Checking opensrf.validator for activity...
router 2021-02-23 20:31:02 [DEBG:62205:osrf_router.c:252:] Checking opensrf.slooooooow for activity...
router 2021-02-23 20:31:02 [DEBG:62205:osrf_router.c:252:] Checking opensrf.math for activity...
router 2021-02-23 20:31:02 [DEBG:62205:osrf_router.c:252:] Checking opensrf.dbmath for activity...
router 2021-02-23 20:31:02 [DEBG:62205:osrf_router.c:252:] Checking opensrf.cslow for activity...
router 2021-02-23 20:31:02 [DEBG:62205:osrf_router.c:252:] Checking opensrf.persist for activity...
router 2021-02-23 20:31:02 [DEBG:62205:osrf_router.c:252:] Checking opensrf.settings for activity...
router 2021-02-23 20:31:02 [DEBG:62205:osrf_router.c:256:] Socket is active: 4
router 2021-02-23 20:31:02 [DEBG:62205:osrf_router.c:323:] osrfRouterClassHandleIncoming()
router 2021-02-23 20:31:02 [DEBG:62205:osrf_router.c:334:] osrfRouterClassHandleIncoming(): investigating message from opensrf@private.test-brick01-head.test.gapines.org/client_at_test-brick01-head.test.gapines.org_63141
router 2021-02-23 20:31:02 [DEBG:62205:osrf_router.c:566:] osrfRouterClassHandleMessage()
router 2021-02-23 20:31:02 [INFO:62205:osrf_router.c:583:] Routing message:
from: [opensrf@private.test-brick01-head.test.gapines.org/client_at_test-brick01-head.test.gapines.org_63141]
to: [opensrf@private.test-brick01-head.test.gapines.org/opensrf.settings_listener_test-brick01-head.test.gapines.org_62213]
router 2021-02-23 20:31:02 [DEBG:62205:osrf_router.c:252:] Checking opensrf.validator for activity...
router 2021-02-23 20:31:02 [DEBG:62205:osrf_router.c:252:] Checking opensrf.slooooooow for activity...
router 2021-02-23 20:31:02 [DEBG:62205:osrf_router.c:252:] Checking opensrf.math for activity...
router 2021-02-23 20:31:02 [DEBG:62205:osrf_router.c:252:] Checking opensrf.dbmath for activity...
router 2021-02-23 20:31:02 [DEBG:62205:osrf_router.c:252:] Checking opensrf.cslow for activity...
router 2021-02-23 20:31:02 [DEBG:62205:osrf_router.c:252:] Checking opensrf.persist for activity...
router 2021-02-23 20:31:02 [DEBG:62205:osrf_router.c:252:] Checking opensrf.settings for activity...
router 2021-02-23 20:31:02 [DEBG:62205:osrf_router.c:256:] Socket is active: 4
router 2021-02-23 20:31:02 [DEBG:62205:osrf_router.c:323:] osrfRouterClassHandleIncoming()
router 2021-02-23 20:31:02 [DEBG:62205:osrf_router.c:334:] osrfRouterClassHandleIncoming(): investigating message from opensrf@private.test-brick01-head.test.gapines.org/client_at_test-brick01-head.test.gapines.org_63149
router 2021-02-23 20:31:02 [DEBG:62205:osrf_router.c:566:] osrfRouterClassHandleMessage()
router 2021-02-23 20:31:02 [INFO:62205:osrf_router.c:583:] Routing message:
from: [opensrf@private.test-brick01-head.test.gapines.org/client_at_test-brick01-head.test.gapines.org_63149]
to: [opensrf@private.test-brick01-head.test.gapines.org/opensrf.settings_listener_test-brick01-head.test.gapines.org_62213]
router 2021-02-23 20:31:02 [DEBG:62205:osrf_router.c:334:] osrfRouterClassHandleIncoming(): investigating message from opensrf@private.test-brick01-head.test.gapines.org/client_at_test-brick01-head.test.gapines.org_63146
router 2021-02-23 20:31:02 [DEBG:62205:osrf_router.c:566:] osrfRouterClassHandleMessage()
router 2021-02-23 20:31:02 [INFO:62205:osrf_router.c:583:] Routing message:
from: [opensrf@private.test-brick01-head.test.gapines.org/client_at_test-brick01-head.test.gapines.org_63146]
to: [opensrf@private.test-brick01-head.test.gapines.org/opensrf.settings_listener_test-brick01-head.test.gapines.org_62213]
router 2021-02-23 20:31:02 [DEBG:62205:osrf_router.c:252:] Checking opensrf.validator for activity...
router 2021-02-23 20:31:02 [DEBG:62205:osrf_router.c:252:] Checking opensrf.slooooooow for activity...
router 2021-02-23 20:31:02 [DEBG:62205:osrf_router.c:252:] Checking opensrf.math for activity...
router 2021-02-23 20:31:02 [DEBG:62205:osrf_router.c:252:] Checking opensrf.dbmath for activity...
router 2021-02-23 20:31:02 [DEBG:62205:osrf_router.c:252:] Checking opensrf.cslow for activity...
router 2021-02-23 20:31:02 [DEBG:62205:osrf_router.c:252:] Checking opensrf.persist for activity...
router 2021-02-23 20:31:02 [DEBG:62205:osrf_router.c:252:] Checking opensrf.settings for activity...
router 2021-02-23 20:31:02 [DEBG:62205:osrf_router.c:256:] Socket is active: 4
router 2021-02-23 20:31:02 [DEBG:62205:osrf_router.c:323:] osrfRouterClassHandleIncoming()
router 2021-02-23 20:31:02 [DEBG:62205:osrf_router.c:334:] osrfRouterClassHandleIncoming(): investigating message from opensrf@private.test-brick01-head.test.gapines.org/client_at_test-brick01-head.test.gapines.org_63148
router 2021-02-23 20:31:02 [DEBG:62205:osrf_router.c:566:] osrfRouterClassHandleMessage()
router 2021-02-23 20:31:02 [INFO:62205:osrf_router.c:583:] Routing message:
from: [opensrf@private.test-brick01-head.test.gapines.org/client_at_test-brick01-head.test.gapines.org_63148]
to: [opensrf@private.test-brick01-head.test.gapines.org/opensrf.settings_listener_test-brick01-head.test.gapines.org_62213]
router 2021-02-23 20:31:02 [DEBG:62205:osrf_router.c:252:] Checking opensrf.validator for activity...
router 2021-02-23 20:31:02 [DEBG:62205:osrf_router.c:252:] Checking opensrf.slooooooow for activity...
router 2021-02-23 20:31:02 [DEBG:62205:osrf_router.c:252:] Checking opensrf.math for activity...
router 2021-02-23 20:31:02 [DEBG:62205:osrf_router.c:252:] Checking opensrf.dbmath for activity...
router 2021-02-23 20:31:02 [DEBG:62205:osrf_router.c:252:] Checking opensrf.cslow for activity...
router 2021-02-23 20:31:02 [DEBG:62205:osrf_router.c:252:] Checking opensrf.persist for activity...
router 2021-02-23 20:31:02 [DEBG:62205:osrf_router.c:252:] Checking opensrf.settings for activity...
router 2021-02-23 20:31:02 [DEBG:62205:osrf_router.c:256:] Socket is active: 4
router 2021-02-23 20:31:02 [DEBG:62205:osrf_router.c:323:] osrfRouterClassHandleIncoming()
router 2021-02-23 20:31:02 [DEBG:62205:osrf_router.c:334:] osrfRouterClassHandleIncoming(): investigating message from opensrf@private.test-brick01-head.test.gapines.org/client_at_test-brick01-head.test.gapines.org_63147
router 2021-02-23 20:31:02 [DEBG:62205:osrf_router.c:566:] osrfRouterClassHandleMessage()
router 2021-02-23 20:31:02 [INFO:62205:osrf_router.c:583:] Routing message:
from: [opensrf@private.test-brick01-head.test.gapines.org/client_at_test-brick01-head.test.gapines.org_63147]
to: [opensrf@private.test-brick01-head.test.gapines.org/opensrf.settings_listener_test-brick01-head.test.gapines.org_62213]
router 2021-02-23 20:31:02 [DEBG:62205:osrf_router.c:252:] Checking opensrf.validator for activity...
router 2021-02-23 20:31:02 [DEBG:62205:osrf_router.c:252:] Checking opensrf.slooooooow for activity...
router 2021-02-23 20:31:02 [DEBG:62205:osrf_router.c:252:] Checking opensrf.math for activity...
router 2021-02-23 20:31:02 [DEBG:62205:osrf_router.c:252:] Checking opensrf.dbmath for activity...
router 2021-02-23 20:31:02 [DEBG:62205:osrf_router.c:252:] Checking opensrf.cslow for activity...
router 2021-02-23 20:31:02 [DEBG:62205:osrf_router.c:252:] Checking opensrf.persist for activity...
router 2021-02-23 20:31:02 [DEBG:62205:osrf_router.c:252:] Checking opensrf.settings for activity...
router 2021-02-23 20:31:02 [DEBG:62205:osrf_router.c:256:] Socket is active: 4
router 2021-02-23 20:31:02 [DEBG:62205:osrf_router.c:323:] osrfRouterClassHandleIncoming()
router 2021-02-23 20:31:02 [DEBG:62205:osrf_router.c:334:] osrfRouterClassHandleIncoming(): investigating message from opensrf@private.test-brick01-head.test.gapines.org/client_at_test-brick01-head.test.gapines.org_63156
router 2021-02-23 20:31:02 [DEBG:62205:osrf_router.c:566:] osrfRouterClassHandleMessage()
router 2021-02-23 20:31:02 [INFO:62205:osrf_router.c:583:] Routing message:
from: [opensrf@private.test-brick01-head.test.gapines.org/client_at_test-brick01-head.test.gapines.org_63156]
to: [opensrf@private.test-brick01-head.test.gapines.org/opensrf.settings_listener_test-brick01-head.test.gapines.org_62213]
router 2021-02-23 20:31:02 [DEBG:62205:osrf_router.c:252:] Checking opensrf.validator for activity...
router 2021-02-23 20:31:02 [DEBG:62205:osrf_router.c:252:] Checking opensrf.slooooooow for activity...
router 2021-02-23 20:31:02 [DEBG:62205:osrf_router.c:252:] Checking opensrf.math for activity...
router 2021-02-23 20:31:02 [DEBG:62205:osrf_router.c:252:] Checking opensrf.dbmath for activity...
router 2021-02-23 20:31:02 [DEBG:62205:osrf_router.c:252:] Checking opensrf.cslow for activity...
router 2021-02-23 20:31:02 [DEBG:62205:osrf_router.c:252:] Checking opensrf.persist for activity...
router 2021-02-23 20:31:02 [DEBG:62205:osrf_router.c:252:] Checking opensrf.settings for activity...
router 2021-02-23 20:31:02 [DEBG:62205:osrf_router.c:256:] Socket is active: 4
router 2021-02-23 20:31:02 [DEBG:62205:osrf_router.c:323:] osrfRouterClassHandleIncoming()
router 2021-02-23 20:31:02 [DEBG:62205:osrf_router.c:334:] osrfRouterClassHandleIncoming(): investigating message from opensrf@private.test-brick01-head.test.gapines.org/client_at_test-brick01-head.test.gapines.org_63152
router 2021-02-23 20:31:02 [DEBG:62205:osrf_router.c:566:] osrfRouterClassHandleMessage()
router 2021-02-23 20:31:02 [INFO:62205:osrf_router.c:583:] Routing message:
from: [opensrf@private.test-brick01-head.test.gapines.org/client_at_test-brick01-head.test.gapines.org_63152]
to: [opensrf@private.test-brick01-head.test.gapines.org/opensrf.settings_listener_test-brick01-head.test.gapines.org_62213]
router 2021-02-23 20:31:02 [DEBG:62205:osrf_router.c:252:] Checking opensrf.validator for activity...
router 2021-02-23 20:31:02 [DEBG:62205:osrf_router.c:252:] Checking opensrf.slooooooow for activity...
router 2021-02-23 20:31:02 [DEBG:62205:osrf_router.c:252:] Checking opensrf.math for activity...
router 2021-02-23 20:31:02 [DEBG:62205:osrf_router.c:252:] Checking opensrf.dbmath for activity...
router 2021-02-23 20:31:02 [DEBG:62205:osrf_router.c:252:] Checking opensrf.cslow for activity...
router 2021-02-23 20:31:02 [DEBG:62205:osrf_router.c:252:] Checking opensrf.persist for activity...
router 2021-02-23 20:31:02 [DEBG:62205:osrf_router.c:252:] Checking opensrf.settings for activity...
router 2021-02-23 20:31:02 [DEBG:62205:osrf_router.c:256:] Socket is active: 4
router 2021-02-23 20:31:02 [DEBG:62205:osrf_router.c:323:] osrfRouterClassHandleIncoming()
router 2021-02-23 20:31:02 [DEBG:62205:osrf_router.c:334:] osrfRouterClassHandleIncoming(): investigating message from opensrf@private.test-brick01-head.test.gapines.org/client_at_test-brick01-head.test.gapines.org_63157
router 2021-02-23 20:31:02 [DEBG:62205:osrf_router.c:566:] osrfRouterClassHandleMessage()
router 2021-02-23 20:31:02 [INFO:62205:osrf_router.c:583:] Routing message:
from: [opensrf@private.test-brick01-head.test.gapines.org/client_at_test-brick01-head.test.gapines.org_63157]
to: [opensrf@private.test-brick01-head.test.gapines.org/opensrf.settings_listener_test-brick01-head.test.gapines.org_62213]
router 2021-02-23 20:31:02 [DEBG:62205:osrf_router.c:252:] Checking opensrf.validator for activity...
router 2021-02-23 20:31:02 [DEBG:62205:osrf_router.c:252:] Checking opensrf.slooooooow for activity...
router 2021-02-23 20:31:02 [DEBG:62205:osrf_router.c:252:] Checking opensrf.math for activity...
router 2021-02-23 20:31:02 [DEBG:62205:osrf_router.c:252:] Checking opensrf.dbmath for activity...
router 2021-02-23 20:31:02 [DEBG:62205:osrf_router.c:252:] Checking opensrf.cslow for activity...
router 2021-02-23 20:31:02 [DEBG:62205:osrf_router.c:252:] Checking opensrf.persist for activity...
router 2021-02-23 20:31:02 [DEBG:62205:osrf_router.c:252:] Checking opensrf.settings for activity...
router 2021-02-23 20:31:02 [DEBG:62205:osrf_router.c:256:] Socket is active: 4
router 2021-02-23 20:31:02 [DEBG:62205:osrf_router.c:323:] osrfRouterClassHandleIncoming()
router 2021-02-23 20:31:02 [DEBG:62205:osrf_router.c:334:] osrfRouterClassHandleIncoming(): investigating message from opensrf@private.test-brick01-head.test.gapines.org/client_at_test-brick01-head.test.gapines.org_63150
router 2021-02-23 20:31:02 [DEBG:62205:osrf_router.c:566:] osrfRouterClassHandleMessage()
router 2021-02-23 20:31:02 [INFO:62205:osrf_router.c:583:] Routing message:
from: [opensrf@private.test-brick01-head.test.gapines.org/client_at_test-brick01-head.test.gapines.org_63150]
to: [opensrf@private.test-brick01-head.test.gapines.org/opensrf.settings_listener_test-brick01-head.test.gapines.org_62213]
router 2021-02-23 20:31:02 [DEBG:62205:osrf_router.c:252:] Checking opensrf.validator for activity...
router 2021-02-23 20:31:02 [DEBG:62205:osrf_router.c:252:] Checking opensrf.slooooooow for activity...
router 2021-02-23 20:31:02 [DEBG:62205:osrf_router.c:252:] Checking opensrf.math for activity...
router 2021-02-23 20:31:02 [DEBG:62205:osrf_router.c:252:] Checking opensrf.dbmath for activity...
router 2021-02-23 20:31:02 [DEBG:62205:osrf_router.c:252:] Checking opensrf.cslow for activity...
router 2021-02-23 20:31:02 [DEBG:62205:osrf_router.c:252:] Checking opensrf.persist for activity...
router 2021-02-23 20:31:02 [DEBG:62205:osrf_router.c:252:] Checking opensrf.settings for activity...
router 2021-02-23 20:31:02 [DEBG:62205:osrf_router.c:256:] Socket is active: 4
router 2021-02-23 20:31:02 [DEBG:62205:osrf_router.c:323:] osrfRouterClassHandleIncoming()
router 2021-02-23 20:31:02 [DEBG:62205:osrf_router.c:334:] osrfRouterClassHandleIncoming(): investigating message from opensrf@private.test-brick01-head.test.gapines.org/client_at_test-brick01-head.test.gapines.org_63144
router 2021-02-23 20:31:02 [DEBG:62205:osrf_router.c:566:] osrfRouterClassHandleMessage()
router 2021-02-23 20:31:02 [INFO:62205:osrf_router.c:583:] Routing message:
from: [opensrf@private.test-brick01-head.test.gapines.org/client_at_test-brick01-head.test.gapines.org_63144]
to: [opensrf@private.test-brick01-head.test.gapines.org/opensrf.settings_listener_test-brick01-head.test.gapines.org_62213]
router 2021-02-23 20:31:02 [DEBG:62205:osrf_router.c:334:] osrfRouterClassHandleIncoming(): investigating message from opensrf@private.test-brick01-head.test.gapines.org/client_at_test-brick01-head.test.gapines.org_63154
router 2021-02-23 20:31:02 [DEBG:62205:osrf_router.c:566:] osrfRouterClassHandleMessage()
router 2021-02-23 20:31:02 [INFO:62205:osrf_router.c:583:] Routing message:
from: [opensrf@private.test-brick01-head.test.gapines.org/client_at_test-brick01-head.test.gapines.org_63154]
to: [opensrf@private.test-brick01-head.test.gapines.org/opensrf.settings_listener_test-brick01-head.test.gapines.org_62213]
router 2021-02-23 20:31:02 [DEBG:62205:osrf_router.c:334:] osrfRouterClassHandleIncoming(): investigating message from opensrf@private.test-brick01-head.test.gapines.org/client_at_test-brick01-head.test.gapines.org_63155
router 2021-02-23 20:31:02 [DEBG:62205:osrf_router.c:566:] osrfRouterClassHandleMessage()
router 2021-02-23 20:31:02 [INFO:62205:osrf_router.c:583:] Routing message:
from: [opensrf@private.test-brick01-head.test.gapines.org/client_at_test-brick01-head.test.gapines.org_63155]
to: [opensrf@private.test-brick01-head.test.gapines.org/opensrf.settings_listener_test-brick01-head.test.gapines.org_62213]
router 2021-02-23 20:31:02 [DEBG:62205:osrf_router.c:252:] Checking opensrf.validator for activity...
router 2021-02-23 20:31:02 [DEBG:62205:osrf_router.c:252:] Checking opensrf.slooooooow for activity...
router 2021-02-23 20:31:02 [DEBG:62205:osrf_router.c:252:] Checking opensrf.math for activity...
router 2021-02-23 20:31:02 [DEBG:62205:osrf_router.c:252:] Checking opensrf.dbmath for activity...
router 2021-02-23 20:31:02 [DEBG:62205:osrf_router.c:252:] Checking opensrf.cslow for activity...
router 2021-02-23 20:31:02 [DEBG:62205:osrf_router.c:252:] Checking opensrf.persist for activity...
router 2021-02-23 20:31:02 [DEBG:62205:osrf_router.c:252:] Checking opensrf.settings for activity...
router 2021-02-23 20:31:02 [DEBG:62205:osrf_router.c:256:] Socket is active: 4
router 2021-02-23 20:31:02 [DEBG:62205:osrf_router.c:323:] osrfRouterClassHandleIncoming()
router 2021-02-23 20:31:02 [DEBG:62205:osrf_router.c:334:] osrfRouterClassHandleIncoming(): investigating message from opensrf@private.test-brick01-head.test.gapines.org/client_at_test-brick01-head.test.gapines.org_63145
router 2021-02-23 20:31:02 [DEBG:62205:osrf_router.c:566:] osrfRouterClassHandleMessage()
router 2021-02-23 20:31:02 [INFO:62205:osrf_router.c:583:] Routing message:
from: [opensrf@private.test-brick01-head.test.gapines.org/client_at_test-brick01-head.test.gapines.org_63145]
to: [opensrf@private.test-brick01-head.test.gapines.org/opensrf.settings_listener_test-brick01-head.test.gapines.org_62213]
router 2021-02-23 20:31:02 [DEBG:62205:osrf_router.c:252:] Checking opensrf.validator for activity...
router 2021-02-23 20:31:02 [DEBG:62205:osrf_router.c:252:] Checking opensrf.slooooooow for activity...
router 2021-02-23 20:31:02 [DEBG:62205:osrf_router.c:252:] Checking opensrf.math for activity...
router 2021-02-23 20:31:02 [DEBG:62205:osrf_router.c:252:] Checking opensrf.dbmath for activity...
router 2021-02-23 20:31:02 [DEBG:62205:osrf_router.c:252:] Checking opensrf.cslow for activity...
router 2021-02-23 20:31:02 [DEBG:62205:osrf_router.c:252:] Checking opensrf.persist for activity...
router 2021-02-23 20:31:03 [DEBG:62205:osrf_router.c:252:] Checking opensrf.settings for activity...
router 2021-02-23 20:31:03 [DEBG:62205:osrf_router.c:256:] Socket is active: 4
router 2021-02-23 20:31:03 [DEBG:62205:osrf_router.c:323:] osrfRouterClassHandleIncoming()
router 2021-02-23 20:31:03 [DEBG:62205:osrf_router.c:334:] osrfRouterClassHandleIncoming(): investigating message from opensrf@private.test-brick01-head.test.gapines.org/client_at_test-brick01-head.test.gapines.org_63151
router 2021-02-23 20:31:03 [DEBG:62205:osrf_router.c:566:] osrfRouterClassHandleMessage()
router 2021-02-23 20:31:03 [INFO:62205:osrf_router.c:583:] Routing message:
from: [opensrf@private.test-brick01-head.test.gapines.org/client_at_test-brick01-head.test.gapines.org_63151]
to: [opensrf@private.test-brick01-head.test.gapines.org/opensrf.settings_listener_test-brick01-head.test.gapines.org_62213]
router 2021-02-23 20:31:03 [DEBG:62205:osrf_router.c:252:] Checking opensrf.validator for activity...
router 2021-02-23 20:31:03 [DEBG:62205:osrf_router.c:252:] Checking opensrf.slooooooow for activity...
router 2021-02-23 20:31:03 [DEBG:62205:osrf_router.c:252:] Checking opensrf.math for activity...
router 2021-02-23 20:31:03 [DEBG:62205:osrf_router.c:252:] Checking opensrf.dbmath for activity...
router 2021-02-23 20:31:03 [DEBG:62205:osrf_router.c:252:] Checking opensrf.cslow for activity...
router 2021-02-23 20:31:03 [DEBG:62205:osrf_router.c:252:] Checking opensrf.persist for activity...
router 2021-02-23 20:31:03 [DEBG:62205:osrf_router.c:252:] Checking opensrf.settings for activity...
router 2021-02-23 20:31:03 [DEBG:62205:osrf_router.c:256:] Socket is active: 4
router 2021-02-23 20:31:03 [DEBG:62205:osrf_router.c:323:] osrfRouterClassHandleIncoming()
router 2021-02-23 20:31:03 [DEBG:62205:osrf_router.c:334:] osrfRouterClassHandleIncoming(): investigating message from opensrf@private.test-brick01-head.test.gapines.org/client_at_test-brick01-head.test.gapines.org_63153
router 2021-02-23 20:31:03 [DEBG:62205:osrf_router.c:566:] osrfRouterClassHandleMessage()
router 2021-02-23 20:31:03 [INFO:62205:osrf_router.c:583:] Routing message:
from: [opensrf@private.test-brick01-head.test.gapines.org/client_at_test-brick01-head.test.gapines.org_63153]
to: [opensrf@private.test-brick01-head.test.gapines.org/opensrf.settings_listener_test-brick01-head.test.gapines.org_62213]
router 2021-02-23 20:31:03 [DEBG:62205:osrf_router.c:252:] Checking opensrf.validator for activity...
router 2021-02-23 20:31:03 [DEBG:62205:osrf_router.c:252:] Checking opensrf.slooooooow for activity...
router 2021-02-23 20:31:03 [DEBG:62205:osrf_router.c:252:] Checking opensrf.math for activity...
router 2021-02-23 20:31:03 [DEBG:62205:osrf_router.c:252:] Checking opensrf.dbmath for activity...
router 2021-02-23 20:31:03 [DEBG:62205:osrf_router.c:252:] Checking opensrf.cslow for activity...
router 2021-02-23 20:31:03 [DEBG:62205:osrf_router.c:252:] Checking opensrf.persist for activity...
router 2021-02-24 15:23:13 [DEBG:62205:osrf_router.c:237:] Top router socket is active: 3
router 2021-02-24 15:23:13 [DEBG:62205:osrf_router.c:284:] osrfRouterHandleIncoming(): investigating message from opensrf@private.test-brick01-head.test.gapines.org/opensrf.cslow_listener_test-brick01-head_1614112226.005614_62288
router 2021-02-24 15:23:13 [INFO:62205:osrf_router.c:418:] Unregistering router class opensrf.cslow
router 2021-02-24 15:23:13 [INFO:62205:osrf_router.c:632:] Removing router node opensrf@private.test-brick01-head.test.gapines.org/opensrf.cslow_listener_test-brick01-head_1614112226.005614_62288
router 2021-02-24 15:23:13 [INFO:62205:osrf_router.c:614:] Removing router class opensrf.cslow
router 2021-02-24 15:23:13 [DEBG:62205:socket_bundle.c:482:] removing socket 9
router 2021-02-24 15:23:13 [DEBG:62205:osrf_router.c:252:] Checking opensrf.settings for activity...
router 2021-02-24 15:23:13 [DEBG:62205:osrf_router.c:252:] Checking opensrf.validator for activity...
router 2021-02-24 15:23:13 [DEBG:62205:osrf_router.c:252:] Checking opensrf.slooooooow for activity...
router 2021-02-24 15:23:13 [DEBG:62205:osrf_router.c:252:] Checking opensrf.math for activity...
router 2021-02-24 15:23:13 [DEBG:62205:osrf_router.c:252:] Checking opensrf.dbmath for activity...
router 2021-02-24 15:23:13 [DEBG:62205:osrf_router.c:252:] Checking opensrf.persist for activity...
router 2021-02-24 15:23:13 [DEBG:62205:osrf_router.c:237:] Top router socket is active: 3
router 2021-02-24 15:23:13 [DEBG:62205:osrf_router.c:284:] osrfRouterHandleIncoming(): investigating message from opensrf@private.test-brick01-head.test.gapines.org/opensrf.dbmath_listener_test-brick01-head_1614112225.978199_62274
router 2021-02-24 15:23:13 [INFO:62205:osrf_router.c:418:] Unregistering router class opensrf.dbmath
router 2021-02-24 15:23:13 [INFO:62205:osrf_router.c:632:] Removing router node opensrf@private.test-brick01-head.test.gapines.org/opensrf.dbmath_listener_test-brick01-head_1614112225.978199_62274
router 2021-02-24 15:23:13 [INFO:62205:osrf_router.c:614:] Removing router class opensrf.dbmath
router 2021-02-24 15:23:13 [DEBG:62205:socket_bundle.c:482:] removing socket 8
router 2021-02-24 15:23:13 [DEBG:62205:osrf_router.c:252:] Checking opensrf.settings for activity...
router 2021-02-24 15:23:13 [DEBG:62205:osrf_router.c:252:] Checking opensrf.validator for activity...
router 2021-02-24 15:23:13 [DEBG:62205:osrf_router.c:252:] Checking opensrf.slooooooow for activity...
router 2021-02-24 15:23:13 [DEBG:62205:osrf_router.c:252:] Checking opensrf.math for activity...
router 2021-02-24 15:23:13 [DEBG:62205:osrf_router.c:252:] Checking opensrf.persist for activity...
router 2021-02-24 15:23:13 [DEBG:62205:osrf_router.c:237:] Top router socket is active: 3
router 2021-02-24 15:23:13 [DEBG:62205:osrf_router.c:284:] osrfRouterHandleIncoming(): investigating message from opensrf@private.test-brick01-head.test.gapines.org/opensrf.math_listener_test-brick01-head_1614112225.945397_62260
router 2021-02-24 15:23:13 [INFO:62205:osrf_router.c:418:] Unregistering router class opensrf.math
router 2021-02-24 15:23:13 [INFO:62205:osrf_router.c:632:] Removing router node opensrf@private.test-brick01-head.test.gapines.org/opensrf.math_listener_test-brick01-head_1614112225.945397_62260
router 2021-02-24 15:23:13 [INFO:62205:osrf_router.c:614:] Removing router class opensrf.math
router 2021-02-24 15:23:13 [DEBG:62205:socket_bundle.c:482:] removing socket 7
router 2021-02-24 15:23:13 [DEBG:62205:osrf_router.c:252:] Checking opensrf.settings for activity...
router 2021-02-24 15:23:13 [DEBG:62205:osrf_router.c:252:] Checking opensrf.validator for activity...
router 2021-02-24 15:23:13 [DEBG:62205:osrf_router.c:252:] Checking opensrf.slooooooow for activity...
router 2021-02-24 15:23:13 [DEBG:62205:osrf_router.c:252:] Checking opensrf.persist for activity...
router 2021-02-24 15:23:13 [DEBG:62205:osrf_router.c:237:] Top router socket is active: 3
router 2021-02-24 15:23:13 [DEBG:62205:osrf_router.c:284:] osrfRouterHandleIncoming(): investigating message from opensrf@private.test-brick01-head.test.gapines.org/opensrf.persist_listener_test-brick01-head.test.gapines.org_62226
router 2021-02-24 15:23:13 [INFO:62205:osrf_router.c:418:] Unregistering router class opensrf.persist
router 2021-02-24 15:23:13 [INFO:62205:osrf_router.c:632:] Removing router node opensrf@private.test-brick01-head.test.gapines.org/opensrf.persist_listener_test-brick01-head.test.gapines.org_62226
router 2021-02-24 15:23:13 [INFO:62205:osrf_router.c:614:] Removing router class opensrf.persist
router 2021-02-24 15:23:13 [DEBG:62205:socket_bundle.c:482:] removing socket 10
router 2021-02-24 15:23:13 [DEBG:62205:osrf_router.c:252:] Checking opensrf.settings for activity...
router 2021-02-24 15:23:13 [DEBG:62205:osrf_router.c:252:] Checking opensrf.validator for activity...
router 2021-02-24 15:23:13 [DEBG:62205:osrf_router.c:252:] Checking opensrf.slooooooow for activity...
router 2021-02-24 15:23:13 [DEBG:62205:osrf_router.c:237:] Top router socket is active: 3
router 2021-02-24 15:23:13 [DEBG:62205:osrf_router.c:284:] osrfRouterHandleIncoming(): investigating message from opensrf@private.test-brick01-head.test.gapines.org/opensrf.settings_listener_test-brick01-head.test.gapines.org_62213
router 2021-02-24 15:23:13 [INFO:62205:osrf_router.c:418:] Unregistering router class opensrf.settings
router 2021-02-24 15:23:13 [INFO:62205:osrf_router.c:632:] Removing router node opensrf@private.test-brick01-head.test.gapines.org/opensrf.settings_listener_test-brick01-head.test.gapines.org_62213
router 2021-02-24 15:23:13 [INFO:62205:osrf_router.c:614:] Removing router class opensrf.settings
router 2021-02-24 15:23:13 [DEBG:62205:socket_bundle.c:482:] removing socket 4
router 2021-02-24 15:23:13 [DEBG:62205:osrf_router.c:252:] Checking opensrf.validator for activity...
router 2021-02-24 15:23:13 [DEBG:62205:osrf_router.c:252:] Checking opensrf.slooooooow for activity...
router 2021-02-24 15:23:13 [DEBG:62205:osrf_router.c:237:] Top router socket is active: 3
router 2021-02-24 15:23:13 [DEBG:62205:osrf_router.c:284:] osrfRouterHandleIncoming(): investigating message from opensrf@private.test-brick01-head.test.gapines.org/opensrf.slooooooow_listener_test-brick01-head.test.gapines.org_62243
router 2021-02-24 15:23:13 [INFO:62205:osrf_router.c:418:] Unregistering router class opensrf.slooooooow
router 2021-02-24 15:23:13 [INFO:62205:osrf_router.c:632:] Removing router node opensrf@private.test-brick01-head.test.gapines.org/opensrf.slooooooow_listener_test-brick01-head.test.gapines.org_62243
router 2021-02-24 15:23:13 [INFO:62205:osrf_router.c:614:] Removing router class opensrf.slooooooow
router 2021-02-24 15:23:13 [DEBG:62205:socket_bundle.c:482:] removing socket 6
router 2021-02-24 15:23:13 [DEBG:62205:osrf_router.c:252:] Checking opensrf.validator for activity...
router 2021-02-24 15:23:13 [DEBG:62205:osrf_router.c:237:] Top router socket is active: 3
router 2021-02-24 15:23:13 [DEBG:62205:osrf_router.c:284:] osrfRouterHandleIncoming(): investigating message from opensrf@private.test-brick01-head.test.gapines.org/opensrf.validator_listener_test-brick01-head.test.gapines.org_62234
router 2021-02-24 15:23:13 [INFO:62205:osrf_router.c:418:] Unregistering router class opensrf.validator
router 2021-02-24 15:23:13 [INFO:62205:osrf_router.c:632:] Removing router node opensrf@private.test-brick01-head.test.gapines.org/opensrf.validator_listener_test-brick01-head.test.gapines.org_62234
router 2021-02-24 15:23:13 [INFO:62205:osrf_router.c:614:] Removing router class opensrf.validator
router 2021-02-24 15:23:13 [DEBG:62205:socket_bundle.c:482:] removing socket 5
router 2021-02-24 15:23:14 [INFO:62205:osrf_router.c:223:] Router shutting down
router 2021-02-24 15:23:14 [DEBG:62205:socket_bundle.c:482:] removing socket 3
router 2021-02-24 15:23:14 [INFO:62205:osrf_router_main.c:350:] Router freed
router 2021-02-24 15:23:14 [DEBG:62205:osrf_router_main.c:230:] Router received signal 15; re-raising
